#
# There is insufficient memory for the Java Runtime Environment to continue.
# Native memory allocation (mmap) failed to map 90177536 bytes for G1 virtual space
# Possible reasons:
#   The system is out of physical RAM or swap space
#   The process is running with CompressedOops enabled, and the Java Heap may be blocking the growth of the native heap
# Possible solutions:
#   Reduce memory load on the system
#   Increase physical memory or swap space
#   Check if swap backing store is full
#   Decrease Java heap size (-Xmx/-Xms)
#   Decrease number of Java threads
#   Decrease Java thread stack sizes (-Xss)
#   Set larger code cache with -XX:ReservedCodeCacheSize=
#   JVM is running with Unscaled Compressed Oops mode in which the Java heap is
#     placed in the first 4GB address space. The Java Heap base address is the
#     maximum limit for the native heap growth. Please use -XX:HeapBaseMinAddress
#     to set the Java Heap base and to place the Java Heap above 4GB virtual address.
# This output file may be truncated or incomplete.
#
#  Out of Memory Error (os_windows.cpp:3603), pid=13404, tid=9904
#
# JRE version: Java(TM) SE Runtime Environment (21.0.6+8) (build 21.0.6+8-LTS-188)
# Java VM: Java HotSpot(TM) 64-Bit Server VM (21.0.6+8-LTS-188, mixed mode, sharing, tiered, compressed oops, compressed class ptrs, g1 gc, windows-amd64)
# No core dump will be written. Minidumps are not enabled by default on client versions of Windows
#

---------------  S U M M A R Y ------------

Command Line: -Dfile.encoding=UTF-8 -Dstdout.encoding=UTF-8 -Dstderr.encoding=UTF-8 --module-path=C:\Users\Admin\git\repository\ChickenInvadersClone\bin -XX:+ShowCodeDetailsInExceptionMessages -Djdk.module.main=ChickenInvaders ChickenInvaders/application.Main

Host: Intel(R) Core(TM) i3-8145U CPU @ 2.10GHz, 4 cores, 3G,  Windows 10 , 64 bit Build 19041 (10.0.19041.2913)
Time: Wed Apr 30 03:02:30 2025 SE Asia Standard Time elapsed time: 13.513184 seconds (0d 0h 0m 13s)

---------------  T H R E A D  ---------------

Current thread (0x00000139b8f3d5e0):  VMThread "VM Thread"          [id=9904, stack(0x0000002042000000,0x0000002042100000) (1024K)]

Stack: [0x0000002042000000,0x0000002042100000]
Native frames: (J=compiled Java code, j=interpreted, Vv=VM code, C=native code)
V  [jvm.dll+0x6ca6d9]
V  [jvm.dll+0x854f51]
V  [jvm.dll+0x85747e]
V  [jvm.dll+0x857b53]
V  [jvm.dll+0x27dcc6]
V  [jvm.dll+0x6c6e55]
V  [jvm.dll+0x6bb9da]
V  [jvm.dll+0x35393a]
V  [jvm.dll+0x35b596]
V  [jvm.dll+0x3adefe]
V  [jvm.dll+0x3ae1a8]
V  [jvm.dll+0x327cbc]
V  [jvm.dll+0x32a516]
V  [jvm.dll+0x3344c8]
V  [jvm.dll+0x36a795]
V  [jvm.dll+0x85d920]
V  [jvm.dll+0x85eca4]
V  [jvm.dll+0x85f1e0]
V  [jvm.dll+0x85f483]
V  [jvm.dll+0x7ff2fb]
V  [jvm.dll+0x6c8dbd]
C  [ucrtbase.dll+0x21bb2]
C  [KERNEL32.DLL+0x17614]
C  [ntdll.dll+0x526a1]

VM_Operation (0x0000002041bff650): G1PauseRemark, mode: safepoint, requested by thread 0x00000139b8ec07f0


---------------  P R O C E S S  ---------------

Threads class SMR info:
_java_thread_list=0x0000013a19b9cad0, length=21, elements={
0x00000139b8f57150, 0x00000139b8f58060, 0x00000139b8f5b440, 0x00000139b8f5e200,
0x00000139d3acdfd0, 0x00000139d3acea20, 0x00000139d3acf880, 0x00000139d3b09c00,
0x0000013a1904dbe0, 0x0000013a192a2840, 0x0000013a1921bdd0, 0x0000013a19221640,
0x0000013a19222af0, 0x0000013a19232c90, 0x00000139b6d45a50, 0x0000013a1908b1d0,
0x0000013a1b5f8e20, 0x0000013a1c7cdeb0, 0x0000013a19ed8390, 0x0000013a19ed4f10,
0x0000013a19ed62c0
}

Java Threads: ( => current thread )
  0x00000139b8f57150 JavaThread "Reference Handler"          daemon [_thread_blocked, id=4776, stack(0x0000002042100000,0x0000002042200000) (1024K)]
  0x00000139b8f58060 JavaThread "Finalizer"                  daemon [_thread_blocked, id=9816, stack(0x0000002042200000,0x0000002042300000) (1024K)]
  0x00000139b8f5b440 JavaThread "Signal Dispatcher"          daemon [_thread_blocked, id=11216, stack(0x0000002042300000,0x0000002042400000) (1024K)]
  0x00000139b8f5e200 JavaThread "Attach Listener"            daemon [_thread_blocked, id=12296, stack(0x0000002042400000,0x0000002042500000) (1024K)]
  0x00000139d3acdfd0 JavaThread "Service Thread"             daemon [_thread_blocked, id=8828, stack(0x0000002042500000,0x0000002042600000) (1024K)]
  0x00000139d3acea20 JavaThread "Monitor Deflation Thread"   daemon [_thread_blocked, id=11492, stack(0x0000002042600000,0x0000002042700000) (1024K)]
  0x00000139d3acf880 JavaThread "C2 CompilerThread0"         daemon [_thread_blocked, id=3636, stack(0x0000002042700000,0x0000002042800000) (1024K)]
  0x00000139d3b09c00 JavaThread "C1 CompilerThread0"         daemon [_thread_blocked, id=8120, stack(0x0000002042800000,0x0000002042900000) (1024K)]
  0x0000013a1904dbe0 JavaThread "Common-Cleaner"             daemon [_thread_blocked, id=5164, stack(0x0000002042900000,0x0000002042a00000) (1024K)]
  0x0000013a192a2840 JavaThread "Notification Thread"        daemon [_thread_blocked, id=492, stack(0x0000002042a00000,0x0000002042b00000) (1024K)]
  0x0000013a1921bdd0 JavaThread "Java2D Disposer"            daemon [_thread_blocked, id=4748, stack(0x0000002042b00000,0x0000002042c00000) (1024K)]
  0x0000013a19221640 JavaThread "AWT-Shutdown"                      [_thread_blocked, id=4796, stack(0x0000002042c00000,0x0000002042d00000) (1024K)]
  0x0000013a19222af0 JavaThread "AWT-Windows"                daemon [_thread_blocked, id=11336, stack(0x0000002042d00000,0x0000002042e00000) (1024K)]
  0x0000013a19232c90 JavaThread "AWT-EventQueue-0"                  [_thread_blocked, id=10216, stack(0x0000002042e00000,0x0000002042f00000) (1024K)]
  0x00000139b6d45a50 JavaThread "DestroyJavaVM"                     [_thread_blocked, id=1332, stack(0x0000002041900000,0x0000002041a00000) (1024K)]
  0x0000013a1908b1d0 JavaThread "Image Fetcher 0"            daemon [_thread_blocked, id=12652, stack(0x0000002042f00000,0x0000002043000000) (1024K)]
  0x0000013a1b5f8e20 JavaThread "TimerQueue"                 daemon [_thread_blocked, id=1396, stack(0x0000002043400000,0x0000002043500000) (1024K)]
  0x0000013a1c7cdeb0 JavaThread "pool-1-thread-1"                   [_thread_blocked, id=2392, stack(0x0000002043500000,0x0000002043600000) (1024K)]
  0x0000013a19ed8390 JavaThread "Java Sound Event Dispatcher" daemon [_thread_blocked, id=12656, stack(0x0000002043800000,0x0000002043900000) (1024K)]
  0x0000013a19ed4f10 JavaThread "pool-2-thread-1"                   [_thread_blocked, id=3348, stack(0x0000002043f00000,0x0000002044000000) (1024K)]
  0x0000013a19ed62c0 JavaThread "Direct Clip"                daemon [_thread_blocked, id=7316, stack(0x0000002043000000,0x0000002043100000) (1024K)]
Total: 21

Other Threads:
=>0x00000139b8f3d5e0 VMThread "VM Thread"                           [id=9904, stack(0x0000002042000000,0x0000002042100000) (1024K)]
  0x00000139b8f2f430 WatcherThread "VM Periodic Task Thread"        [id=6248, stack(0x0000002041f00000,0x0000002042000000) (1024K)]
  0x00000139b8eb6c00 WorkerThread "GC Thread#0"                     [id=2248, stack(0x0000002041a00000,0x0000002041b00000) (1024K)]
  0x0000013a193feb30 WorkerThread "GC Thread#1"                     [id=10328, stack(0x0000002043100000,0x0000002043200000) (1024K)]
  0x0000013a193715b0 WorkerThread "GC Thread#2"                     [id=2116, stack(0x0000002043200000,0x0000002043300000) (1024K)]
  0x0000013a19628680 WorkerThread "GC Thread#3"                     [id=3424, stack(0x0000002043300000,0x0000002043400000) (1024K)]
  0x00000139b8ec07f0 ConcurrentGCThread "G1 Main Marker"            [id=5752, stack(0x0000002041b00000,0x0000002041c00000) (1024K)]
  0x00000139b8ec12f0 WorkerThread "G1 Conc#0"                       [id=13480, stack(0x0000002041c00000,0x0000002041d00000) (1024K)]
  0x00000139b8f1d410 ConcurrentGCThread "G1 Refine#0"               [id=4752, stack(0x0000002041d00000,0x0000002041e00000) (1024K)]
  0x00000139b8f1df80 ConcurrentGCThread "G1 Service"                [id=6384, stack(0x0000002041e00000,0x0000002041f00000) (1024K)]
Total: 10

Threads with active compile tasks:
Total: 0

VM state: at safepoint (normal execution)

VM Mutex/Monitor currently owned by a thread:  ([mutex/lock_event])
[0x00007ffbe4eade98] Threads_lock - owner thread: 0x00000139b8f3d5e0
[0x00007ffbe4eadf98] Heap_lock - owner thread: 0x00000139b8ec07f0

Heap address: 0x00000000c2400000, size: 988 MB, Compressed Oops mode: 32-bit

CDS archive(s) mapped at: [0x00000139d4000000-0x00000139d4c90000-0x00000139d4c90000), size 13172736, SharedBaseAddress: 0x00000139d4000000, ArchiveRelocationMode: 1.
Compressed class space mapped at: 0x00000139d5000000-0x0000013a15000000, reserved size: 1073741824
Narrow klass base: 0x00000139d4000000, Narrow klass shift: 0, Narrow klass range: 0x100000000

GC Precious Log:
 CardTable entry size: 512
 Card Set container configuration: InlinePtr #cards 5 size 8 Array Of Cards #cards 12 size 40 Howl #buckets 4 coarsen threshold 1843 Howl Bitmap #cards 512 size 80 coarsen threshold 460 Card regions per heap region 1 cards per card region 2048
 CPUs: 4 total, 4 available
 Memory: 3948M
 Large Page Support: Disabled
 NUMA Support: Disabled
 Compressed Oops: Enabled (32-bit)
 Heap Region Size: 1M
 Heap Min Capacity: 8M
 Heap Initial Capacity: 62M
 Heap Max Capacity: 988M
 Pre-touch: Disabled
 Parallel Workers: 4
 Concurrent Workers: 1
 Concurrent Refinement Workers: 4
 Periodic GC: Disabled

Heap:
 garbage-first heap   total 248832K, used 199870K [0x00000000c2400000, 0x0000000100000000)
  region size 1024K, 2 young (2048K), 1 survivors (1024K)
 Metaspace       used 11002K, committed 11264K, reserved 1114112K
  class space    used 1136K, committed 1280K, reserved 1048576K

Heap Regions: E=young(eden), S=young(survivor), O=old, HS=humongous(starts), HC=humongous(continues), CS=collection set, F=free, TAMS=top-at-mark-start, PB=parsable bottom
|   0|0x00000000c2400000, 0x00000000c2500000, 0x00000000c2500000|100%|HS|  |TAMS 0x00000000c2500000| PB 0x00000000c2400000| Complete 
|   1|0x00000000c2500000, 0x00000000c2600000, 0x00000000c2600000|100%|HC|  |TAMS 0x00000000c2600000| PB 0x00000000c2500000| Complete 
|   2|0x00000000c2600000, 0x00000000c2700000, 0x00000000c2700000|100%|HS|  |TAMS 0x00000000c2700000| PB 0x00000000c2600000| Complete 
|   3|0x00000000c2700000, 0x00000000c2800000, 0x00000000c2800000|100%|HC|  |TAMS 0x00000000c2800000| PB 0x00000000c2700000| Complete 
|   4|0x00000000c2800000, 0x00000000c2900000, 0x00000000c2900000|100%|HC|  |TAMS 0x00000000c2900000| PB 0x00000000c2800000| Complete 
|   5|0x00000000c2900000, 0x00000000c2a00000, 0x00000000c2a00000|100%|HC|  |TAMS 0x00000000c2a00000| PB 0x00000000c2900000| Complete 
|   6|0x00000000c2a00000, 0x00000000c2b00000, 0x00000000c2b00000|100%|HC|  |TAMS 0x00000000c2b00000| PB 0x00000000c2a00000| Complete 
|   7|0x00000000c2b00000, 0x00000000c2c00000, 0x00000000c2c00000|100%|HC|  |TAMS 0x00000000c2c00000| PB 0x00000000c2b00000| Complete 
|   8|0x00000000c2c00000, 0x00000000c2d00000, 0x00000000c2d00000|100%|HC|  |TAMS 0x00000000c2d00000| PB 0x00000000c2c00000| Complete 
|   9|0x00000000c2d00000, 0x00000000c2e00000, 0x00000000c2e00000|100%|HC|  |TAMS 0x00000000c2e00000| PB 0x00000000c2d00000| Complete 
|  10|0x00000000c2e00000, 0x00000000c2f00000, 0x00000000c2f00000|100%| O|  |TAMS 0x00000000c2f00000| PB 0x00000000c2f00000| Untracked 
|  11|0x00000000c2f00000, 0x00000000c3000000, 0x00000000c3000000|100%| O|  |TAMS 0x00000000c3000000| PB 0x00000000c3000000| Untracked 
|  12|0x00000000c3000000, 0x00000000c3100000, 0x00000000c3100000|100%|HS|  |TAMS 0x00000000c3100000| PB 0x00000000c3000000| Complete 
|  13|0x00000000c3100000, 0x00000000c3200000, 0x00000000c3200000|100%|HC|  |TAMS 0x00000000c3200000| PB 0x00000000c3100000| Complete 
|  14|0x00000000c3200000, 0x00000000c3300000, 0x00000000c3300000|100%|HC|  |TAMS 0x00000000c3300000| PB 0x00000000c3200000| Complete 
|  15|0x00000000c3300000, 0x00000000c3400000, 0x00000000c3400000|100%|HC|  |TAMS 0x00000000c3400000| PB 0x00000000c3300000| Complete 
|  16|0x00000000c3400000, 0x00000000c3500000, 0x00000000c3500000|100%|HC|  |TAMS 0x00000000c3500000| PB 0x00000000c3400000| Complete 
|  17|0x00000000c3500000, 0x00000000c3600000, 0x00000000c3600000|100%|HC|  |TAMS 0x00000000c3600000| PB 0x00000000c3500000| Complete 
|  18|0x00000000c3600000, 0x00000000c3700000, 0x00000000c3700000|100%|HC|  |TAMS 0x00000000c3700000| PB 0x00000000c3600000| Complete 
|  19|0x00000000c3700000, 0x00000000c3800000, 0x00000000c3800000|100%|HC|  |TAMS 0x00000000c3800000| PB 0x00000000c3700000| Complete 
|  20|0x00000000c3800000, 0x00000000c3900000, 0x00000000c3900000|100%|HC|  |TAMS 0x00000000c3900000| PB 0x00000000c3800000| Complete 
|  21|0x00000000c3900000, 0x00000000c3a00000, 0x00000000c3a00000|100%|HC|  |TAMS 0x00000000c3a00000| PB 0x00000000c3900000| Complete 
|  22|0x00000000c3a00000, 0x00000000c3b00000, 0x00000000c3b00000|100%|HC|  |TAMS 0x00000000c3b00000| PB 0x00000000c3a00000| Complete 
|  23|0x00000000c3b00000, 0x00000000c3c00000, 0x00000000c3c00000|100%|HC|  |TAMS 0x00000000c3c00000| PB 0x00000000c3b00000| Complete 
|  24|0x00000000c3c00000, 0x00000000c3d00000, 0x00000000c3d00000|100%|HC|  |TAMS 0x00000000c3d00000| PB 0x00000000c3c00000| Complete 
|  25|0x00000000c3d00000, 0x00000000c3e00000, 0x00000000c3e00000|100%|HC|  |TAMS 0x00000000c3e00000| PB 0x00000000c3d00000| Complete 
|  26|0x00000000c3e00000, 0x00000000c3f00000, 0x00000000c3f00000|100%|HC|  |TAMS 0x00000000c3f00000| PB 0x00000000c3e00000| Complete 
|  27|0x00000000c3f00000, 0x00000000c4000000, 0x00000000c4000000|100%|HC|  |TAMS 0x00000000c4000000| PB 0x00000000c3f00000| Complete 
|  28|0x00000000c4000000, 0x00000000c4100000, 0x00000000c4100000|100%|HC|  |TAMS 0x00000000c4100000| PB 0x00000000c4000000| Complete 
|  29|0x00000000c4100000, 0x00000000c4200000, 0x00000000c4200000|100%|HC|  |TAMS 0x00000000c4200000| PB 0x00000000c4100000| Complete 
|  30|0x00000000c4200000, 0x00000000c4300000, 0x00000000c4300000|100%|HC|  |TAMS 0x00000000c4300000| PB 0x00000000c4200000| Complete 
|  31|0x00000000c4300000, 0x00000000c4400000, 0x00000000c4400000|100%|HC|  |TAMS 0x00000000c4400000| PB 0x00000000c4300000| Complete 
|  32|0x00000000c4400000, 0x00000000c4500000, 0x00000000c4500000|100%|HC|  |TAMS 0x00000000c4500000| PB 0x00000000c4400000| Complete 
|  33|0x00000000c4500000, 0x00000000c4600000, 0x00000000c4600000|100%|HC|  |TAMS 0x00000000c4600000| PB 0x00000000c4500000| Complete 
|  34|0x00000000c4600000, 0x00000000c4700000, 0x00000000c4700000|100%|HC|  |TAMS 0x00000000c4700000| PB 0x00000000c4600000| Complete 
|  35|0x00000000c4700000, 0x00000000c4800000, 0x00000000c4800000|100%|HC|  |TAMS 0x00000000c4800000| PB 0x00000000c4700000| Complete 
|  36|0x00000000c4800000, 0x00000000c4900000, 0x00000000c4900000|100%|HC|  |TAMS 0x00000000c4900000| PB 0x00000000c4800000| Complete 
|  37|0x00000000c4900000, 0x00000000c4a00000, 0x00000000c4a00000|100%|HC|  |TAMS 0x00000000c4a00000| PB 0x00000000c4900000| Complete 
|  38|0x00000000c4a00000, 0x00000000c4b00000, 0x00000000c4b00000|100%|HC|  |TAMS 0x00000000c4b00000| PB 0x00000000c4a00000| Complete 
|  39|0x00000000c4b00000, 0x00000000c4c00000, 0x00000000c4c00000|100%|HC|  |TAMS 0x00000000c4c00000| PB 0x00000000c4b00000| Complete 
|  40|0x00000000c4c00000, 0x00000000c4d00000, 0x00000000c4d00000|100%|HC|  |TAMS 0x00000000c4d00000| PB 0x00000000c4c00000| Complete 
|  41|0x00000000c4d00000, 0x00000000c4e00000, 0x00000000c4e00000|100%|HC|  |TAMS 0x00000000c4e00000| PB 0x00000000c4d00000| Complete 
|  42|0x00000000c4e00000, 0x00000000c4f00000, 0x00000000c4f00000|100%|HC|  |TAMS 0x00000000c4f00000| PB 0x00000000c4e00000| Complete 
|  43|0x00000000c4f00000, 0x00000000c5000000, 0x00000000c5000000|100%|HC|  |TAMS 0x00000000c5000000| PB 0x00000000c4f00000| Complete 
|  44|0x00000000c5000000, 0x00000000c5100000, 0x00000000c5100000|100%|HC|  |TAMS 0x00000000c5100000| PB 0x00000000c5000000| Complete 
|  45|0x00000000c5100000, 0x00000000c5200000, 0x00000000c5200000|100%|HC|  |TAMS 0x00000000c5200000| PB 0x00000000c5100000| Complete 
|  46|0x00000000c5200000, 0x00000000c5300000, 0x00000000c5300000|100%|HC|  |TAMS 0x00000000c5300000| PB 0x00000000c5200000| Complete 
|  47|0x00000000c5300000, 0x00000000c5400000, 0x00000000c5400000|100%|HS|  |TAMS 0x00000000c5400000| PB 0x00000000c5300000| Complete 
|  48|0x00000000c5400000, 0x00000000c5500000, 0x00000000c5500000|100%|HC|  |TAMS 0x00000000c5500000| PB 0x00000000c5400000| Complete 
|  49|0x00000000c5500000, 0x00000000c5600000, 0x00000000c5600000|100%|HS|  |TAMS 0x00000000c5600000| PB 0x00000000c5500000| Complete 
|  50|0x00000000c5600000, 0x00000000c5700000, 0x00000000c5700000|100%|HC|  |TAMS 0x00000000c5700000| PB 0x00000000c5600000| Complete 
|  51|0x00000000c5700000, 0x00000000c5800000, 0x00000000c5800000|100%|HS|  |TAMS 0x00000000c5800000| PB 0x00000000c5700000| Complete 
|  52|0x00000000c5800000, 0x00000000c5900000, 0x00000000c5900000|100%|HC|  |TAMS 0x00000000c5900000| PB 0x00000000c5800000| Complete 
|  53|0x00000000c5900000, 0x00000000c5a00000, 0x00000000c5a00000|100%|HS|  |TAMS 0x00000000c5a00000| PB 0x00000000c5900000| Complete 
|  54|0x00000000c5a00000, 0x00000000c5b00000, 0x00000000c5b00000|100%|HC|  |TAMS 0x00000000c5b00000| PB 0x00000000c5a00000| Complete 
|  55|0x00000000c5b00000, 0x00000000c5c00000, 0x00000000c5c00000|100%|HS|  |TAMS 0x00000000c5c00000| PB 0x00000000c5b00000| Complete 
|  56|0x00000000c5c00000, 0x00000000c5d00000, 0x00000000c5d00000|100%|HC|  |TAMS 0x00000000c5d00000| PB 0x00000000c5c00000| Complete 
|  57|0x00000000c5d00000, 0x00000000c5e00000, 0x00000000c5e00000|100%|HC|  |TAMS 0x00000000c5e00000| PB 0x00000000c5d00000| Complete 
|  58|0x00000000c5e00000, 0x00000000c5f00000, 0x00000000c5f00000|100%|HC|  |TAMS 0x00000000c5f00000| PB 0x00000000c5e00000| Complete 
|  59|0x00000000c5f00000, 0x00000000c6000000, 0x00000000c6000000|100%|HS|  |TAMS 0x00000000c6000000| PB 0x00000000c5f00000| Complete 
|  60|0x00000000c6000000, 0x00000000c6100000, 0x00000000c6100000|100%|HC|  |TAMS 0x00000000c6100000| PB 0x00000000c6000000| Complete 
|  61|0x00000000c6100000, 0x00000000c6200000, 0x00000000c6200000|100%|HS|  |TAMS 0x00000000c6200000| PB 0x00000000c6100000| Complete 
|  62|0x00000000c6200000, 0x00000000c6300000, 0x00000000c6300000|100%|HC|  |TAMS 0x00000000c6300000| PB 0x00000000c6200000| Complete 
|  63|0x00000000c6300000, 0x00000000c6400000, 0x00000000c6400000|100%|HC|  |TAMS 0x00000000c6400000| PB 0x00000000c6300000| Complete 
|  64|0x00000000c6400000, 0x00000000c6500000, 0x00000000c6500000|100%|HS|  |TAMS 0x00000000c6500000| PB 0x00000000c6400000| Complete 
|  65|0x00000000c6500000, 0x00000000c6600000, 0x00000000c6600000|100%|HS|  |TAMS 0x00000000c6600000| PB 0x00000000c6500000| Complete 
|  66|0x00000000c6600000, 0x00000000c6700000, 0x00000000c6700000|100%|HC|  |TAMS 0x00000000c6700000| PB 0x00000000c6600000| Complete 
|  67|0x00000000c6700000, 0x00000000c6800000, 0x00000000c6800000|100%|HS|  |TAMS 0x00000000c6800000| PB 0x00000000c6700000| Complete 
|  68|0x00000000c6800000, 0x00000000c6900000, 0x00000000c6900000|100%|HS|  |TAMS 0x00000000c6900000| PB 0x00000000c6800000| Complete 
|  69|0x00000000c6900000, 0x00000000c6a00000, 0x00000000c6a00000|100%|HS|  |TAMS 0x00000000c6a00000| PB 0x00000000c6900000| Complete 
|  70|0x00000000c6a00000, 0x00000000c6b00000, 0x00000000c6b00000|100%|HC|  |TAMS 0x00000000c6b00000| PB 0x00000000c6a00000| Complete 
|  71|0x00000000c6b00000, 0x00000000c6c00000, 0x00000000c6c00000|100%|HC|  |TAMS 0x00000000c6c00000| PB 0x00000000c6b00000| Complete 
|  72|0x00000000c6c00000, 0x00000000c6d00000, 0x00000000c6d00000|100%|HC|  |TAMS 0x00000000c6d00000| PB 0x00000000c6c00000| Complete 
|  73|0x00000000c6d00000, 0x00000000c6e00000, 0x00000000c6e00000|100%| O|  |TAMS 0x00000000c6e00000| PB 0x00000000c6e00000| Updating 
|  74|0x00000000c6e00000, 0x00000000c6f00000, 0x00000000c6f00000|100%|HS|  |TAMS 0x00000000c6f00000| PB 0x00000000c6e00000| Complete 
|  75|0x00000000c6f00000, 0x00000000c7000000, 0x00000000c7000000|100%|HS|  |TAMS 0x00000000c7000000| PB 0x00000000c6f00000| Complete 
|  76|0x00000000c7000000, 0x00000000c7100000, 0x00000000c7100000|100%|HS|  |TAMS 0x00000000c7100000| PB 0x00000000c7000000| Complete 
|  77|0x00000000c7100000, 0x00000000c7200000, 0x00000000c7200000|100%|HC|  |TAMS 0x00000000c7200000| PB 0x00000000c7100000| Complete 
|  78|0x00000000c7200000, 0x00000000c7300000, 0x00000000c7300000|100%|HS|  |TAMS 0x00000000c7300000| PB 0x00000000c7200000| Complete 
|  79|0x00000000c7300000, 0x00000000c7400000, 0x00000000c7400000|100%|HC|  |TAMS 0x00000000c7400000| PB 0x00000000c7300000| Complete 
|  80|0x00000000c7400000, 0x00000000c7500000, 0x00000000c7500000|100%| O|  |TAMS 0x00000000c7500000| PB 0x00000000c7500000| Updating 
|  81|0x00000000c7500000, 0x00000000c7600000, 0x00000000c7600000|100%|HS|  |TAMS 0x00000000c7600000| PB 0x00000000c7500000| Complete 
|  82|0x00000000c7600000, 0x00000000c7700000, 0x00000000c7700000|100%|HS|  |TAMS 0x00000000c7700000| PB 0x00000000c7600000| Complete 
|  83|0x00000000c7700000, 0x00000000c7800000, 0x00000000c7800000|100%|HS|  |TAMS 0x00000000c7800000| PB 0x00000000c7700000| Complete 
|  84|0x00000000c7800000, 0x00000000c7900000, 0x00000000c7900000|100%|HC|  |TAMS 0x00000000c7900000| PB 0x00000000c7800000| Complete 
|  85|0x00000000c7900000, 0x00000000c7a00000, 0x00000000c7a00000|100%|HS|  |TAMS 0x00000000c7a00000| PB 0x00000000c7900000| Complete 
|  86|0x00000000c7a00000, 0x00000000c7b00000, 0x00000000c7b00000|100%|HC|  |TAMS 0x00000000c7b00000| PB 0x00000000c7a00000| Complete 
|  87|0x00000000c7b00000, 0x00000000c7c00000, 0x00000000c7c00000|100%|HC|  |TAMS 0x00000000c7c00000| PB 0x00000000c7b00000| Complete 
|  88|0x00000000c7c00000, 0x00000000c7d00000, 0x00000000c7d00000|100%|HS|  |TAMS 0x00000000c7d00000| PB 0x00000000c7c00000| Complete 
|  89|0x00000000c7d00000, 0x00000000c7e00000, 0x00000000c7e00000|100%|HC|  |TAMS 0x00000000c7e00000| PB 0x00000000c7d00000| Complete 
|  90|0x00000000c7e00000, 0x00000000c7f00000, 0x00000000c7f00000|100%|HC|  |TAMS 0x00000000c7f00000| PB 0x00000000c7e00000| Complete 
|  91|0x00000000c7f00000, 0x00000000c8000000, 0x00000000c8000000|100%|HC|  |TAMS 0x00000000c8000000| PB 0x00000000c7f00000| Complete 
|  92|0x00000000c8000000, 0x00000000c8100000, 0x00000000c8100000|100%|HC|  |TAMS 0x00000000c8100000| PB 0x00000000c8000000| Complete 
|  93|0x00000000c8100000, 0x00000000c8200000, 0x00000000c8200000|100%|HS|  |TAMS 0x00000000c8200000| PB 0x00000000c8100000| Complete 
|  94|0x00000000c8200000, 0x00000000c8300000, 0x00000000c8300000|100%|HC|  |TAMS 0x00000000c8300000| PB 0x00000000c8200000| Complete 
|  95|0x00000000c8300000, 0x00000000c8400000, 0x00000000c8400000|100%|HC|  |TAMS 0x00000000c8400000| PB 0x00000000c8300000| Complete 
|  96|0x00000000c8400000, 0x00000000c8500000, 0x00000000c8500000|100%|HC|  |TAMS 0x00000000c8500000| PB 0x00000000c8400000| Complete 
|  97|0x00000000c8500000, 0x00000000c8600000, 0x00000000c8600000|100%|HS|  |TAMS 0x00000000c8600000| PB 0x00000000c8500000| Complete 
|  98|0x00000000c8600000, 0x00000000c8700000, 0x00000000c8700000|100%|HC|  |TAMS 0x00000000c8700000| PB 0x00000000c8600000| Complete 
|  99|0x00000000c8700000, 0x00000000c8800000, 0x00000000c8800000|100%|HC|  |TAMS 0x00000000c8800000| PB 0x00000000c8700000| Complete 
| 100|0x00000000c8800000, 0x00000000c8900000, 0x00000000c8900000|100%|HC|  |TAMS 0x00000000c8900000| PB 0x00000000c8800000| Complete 
| 101|0x00000000c8900000, 0x00000000c8a00000, 0x00000000c8a00000|100%|HS|  |TAMS 0x00000000c8a00000| PB 0x00000000c8900000| Complete 
| 102|0x00000000c8a00000, 0x00000000c8b00000, 0x00000000c8b00000|100%|HC|  |TAMS 0x00000000c8b00000| PB 0x00000000c8a00000| Complete 
| 103|0x00000000c8b00000, 0x00000000c8c00000, 0x00000000c8c00000|100%|HC|  |TAMS 0x00000000c8c00000| PB 0x00000000c8b00000| Complete 
| 104|0x00000000c8c00000, 0x00000000c8d00000, 0x00000000c8d00000|100%|HS|  |TAMS 0x00000000c8d00000| PB 0x00000000c8c00000| Complete 
| 105|0x00000000c8d00000, 0x00000000c8e00000, 0x00000000c8e00000|100%|HS|  |TAMS 0x00000000c8e00000| PB 0x00000000c8d00000| Complete 
| 106|0x00000000c8e00000, 0x00000000c8f00000, 0x00000000c8f00000|100%|HC|  |TAMS 0x00000000c8f00000| PB 0x00000000c8e00000| Complete 
| 107|0x00000000c8f00000, 0x00000000c9000000, 0x00000000c9000000|100%| O|  |TAMS 0x00000000c9000000| PB 0x00000000c9000000| Updating 
| 108|0x00000000c9000000, 0x00000000c9100000, 0x00000000c9100000|100%|HS|  |TAMS 0x00000000c9100000| PB 0x00000000c9000000| Complete 
| 109|0x00000000c9100000, 0x00000000c9200000, 0x00000000c9200000|100%| O|  |TAMS 0x00000000c9200000| PB 0x00000000c9200000| Updating 
| 110|0x00000000c9200000, 0x00000000c9300000, 0x00000000c9300000|100%|HS|  |TAMS 0x00000000c9300000| PB 0x00000000c9200000| Complete 
| 111|0x00000000c9300000, 0x00000000c9400000, 0x00000000c9400000|100%|HC|  |TAMS 0x00000000c9400000| PB 0x00000000c9300000| Complete 
| 112|0x00000000c9400000, 0x00000000c9500000, 0x00000000c9500000|100%|HS|  |TAMS 0x00000000c9500000| PB 0x00000000c9400000| Complete 
| 113|0x00000000c9500000, 0x00000000c9600000, 0x00000000c9600000|100%|HC|  |TAMS 0x00000000c9600000| PB 0x00000000c9500000| Complete 
| 114|0x00000000c9600000, 0x00000000c9700000, 0x00000000c9700000|100%|HC|  |TAMS 0x00000000c9700000| PB 0x00000000c9600000| Complete 
| 115|0x00000000c9700000, 0x00000000c9800000, 0x00000000c9800000|100%|HC|  |TAMS 0x00000000c9800000| PB 0x00000000c9700000| Complete 
| 116|0x00000000c9800000, 0x00000000c9900000, 0x00000000c9900000|100%|HC|  |TAMS 0x00000000c9900000| PB 0x00000000c9800000| Complete 
| 117|0x00000000c9900000, 0x00000000c9a00000, 0x00000000c9a00000|100%|HC|  |TAMS 0x00000000c9a00000| PB 0x00000000c9900000| Complete 
| 118|0x00000000c9a00000, 0x00000000c9b00000, 0x00000000c9b00000|100%|HC|  |TAMS 0x00000000c9b00000| PB 0x00000000c9a00000| Complete 
| 119|0x00000000c9b00000, 0x00000000c9c00000, 0x00000000c9c00000|100%|HC|  |TAMS 0x00000000c9c00000| PB 0x00000000c9b00000| Complete 
| 120|0x00000000c9c00000, 0x00000000c9d00000, 0x00000000c9d00000|100%|HC|  |TAMS 0x00000000c9d00000| PB 0x00000000c9c00000| Complete 
| 121|0x00000000c9d00000, 0x00000000c9e00000, 0x00000000c9e00000|100%|HC|  |TAMS 0x00000000c9e00000| PB 0x00000000c9d00000| Complete 
| 122|0x00000000c9e00000, 0x00000000c9f00000, 0x00000000c9f00000|100%|HC|  |TAMS 0x00000000c9f00000| PB 0x00000000c9e00000| Complete 
| 123|0x00000000c9f00000, 0x00000000ca000000, 0x00000000ca000000|100%|HC|  |TAMS 0x00000000ca000000| PB 0x00000000c9f00000| Complete 
| 124|0x00000000ca000000, 0x00000000ca100000, 0x00000000ca100000|100%|HC|  |TAMS 0x00000000ca100000| PB 0x00000000ca000000| Complete 
| 125|0x00000000ca100000, 0x00000000ca200000, 0x00000000ca200000|100%|HC|  |TAMS 0x00000000ca200000| PB 0x00000000ca100000| Complete 
| 126|0x00000000ca200000, 0x00000000ca300000, 0x00000000ca300000|100%|HC|  |TAMS 0x00000000ca300000| PB 0x00000000ca200000| Complete 
| 127|0x00000000ca300000, 0x00000000ca400000, 0x00000000ca400000|100%|HC|  |TAMS 0x00000000ca400000| PB 0x00000000ca300000| Complete 
| 128|0x00000000ca400000, 0x00000000ca500000, 0x00000000ca500000|100%|HS|  |TAMS 0x00000000ca500000| PB 0x00000000ca400000| Complete 
| 129|0x00000000ca500000, 0x00000000ca600000, 0x00000000ca600000|100%|HC|  |TAMS 0x00000000ca600000| PB 0x00000000ca500000| Complete 
| 130|0x00000000ca600000, 0x00000000ca700000, 0x00000000ca700000|100%|HC|  |TAMS 0x00000000ca700000| PB 0x00000000ca600000| Complete 
| 131|0x00000000ca700000, 0x00000000ca800000, 0x00000000ca800000|100%|HC|  |TAMS 0x00000000ca800000| PB 0x00000000ca700000| Complete 
| 132|0x00000000ca800000, 0x00000000ca900000, 0x00000000ca900000|100%|HC|  |TAMS 0x00000000ca900000| PB 0x00000000ca800000| Complete 
| 133|0x00000000ca900000, 0x00000000caa00000, 0x00000000caa00000|100%|HS|  |TAMS 0x00000000caa00000| PB 0x00000000ca900000| Complete 
| 134|0x00000000caa00000, 0x00000000cab00000, 0x00000000cab00000|100%|HC|  |TAMS 0x00000000cab00000| PB 0x00000000caa00000| Complete 
| 135|0x00000000cab00000, 0x00000000cac00000, 0x00000000cac00000|100%|HC|  |TAMS 0x00000000cac00000| PB 0x00000000cab00000| Complete 
| 136|0x00000000cac00000, 0x00000000cad00000, 0x00000000cad00000|100%|HC|  |TAMS 0x00000000cad00000| PB 0x00000000cac00000| Complete 
| 137|0x00000000cad00000, 0x00000000cae00000, 0x00000000cae00000|100%|HC|  |TAMS 0x00000000cae00000| PB 0x00000000cad00000| Complete 
| 138|0x00000000cae00000, 0x00000000caf00000, 0x00000000caf00000|100%|HS|  |TAMS 0x00000000caf00000| PB 0x00000000cae00000| Complete 
| 139|0x00000000caf00000, 0x00000000cb000000, 0x00000000cb000000|100%|HC|  |TAMS 0x00000000cb000000| PB 0x00000000caf00000| Complete 
| 140|0x00000000cb000000, 0x00000000cb100000, 0x00000000cb100000|100%|HC|  |TAMS 0x00000000cb100000| PB 0x00000000cb000000| Complete 
| 141|0x00000000cb100000, 0x00000000cb200000, 0x00000000cb200000|100%|HS|  |TAMS 0x00000000cb100000| PB 0x00000000cb100000| Complete 
| 142|0x00000000cb200000, 0x00000000cb300000, 0x00000000cb300000|100%|HC|  |TAMS 0x00000000cb200000| PB 0x00000000cb200000| Complete 
| 143|0x00000000cb300000, 0x00000000cb400000, 0x00000000cb400000|100%|HC|  |TAMS 0x00000000cb300000| PB 0x00000000cb300000| Complete 
| 144|0x00000000cb400000, 0x00000000cb500000, 0x00000000cb500000|100%|HC|  |TAMS 0x00000000cb400000| PB 0x00000000cb400000| Complete 
| 145|0x00000000cb500000, 0x00000000cb600000, 0x00000000cb600000|100%|HC|  |TAMS 0x00000000cb500000| PB 0x00000000cb500000| Complete 
| 146|0x00000000cb600000, 0x00000000cb700000, 0x00000000cb700000|100%|HC|  |TAMS 0x00000000cb600000| PB 0x00000000cb600000| Complete 
| 147|0x00000000cb700000, 0x00000000cb800000, 0x00000000cb800000|100%|HC|  |TAMS 0x00000000cb700000| PB 0x00000000cb700000| Complete 
| 148|0x00000000cb800000, 0x00000000cb900000, 0x00000000cb900000|100%|HC|  |TAMS 0x00000000cb800000| PB 0x00000000cb800000| Complete 
| 149|0x00000000cb900000, 0x00000000cba00000, 0x00000000cba00000|100%|HC|  |TAMS 0x00000000cb900000| PB 0x00000000cb900000| Complete 
| 150|0x00000000cba00000, 0x00000000cbb00000, 0x00000000cbb00000|100%|HC|  |TAMS 0x00000000cba00000| PB 0x00000000cba00000| Complete 
| 151|0x00000000cbb00000, 0x00000000cbc00000, 0x00000000cbc00000|100%|HC|  |TAMS 0x00000000cbb00000| PB 0x00000000cbb00000| Complete 
| 152|0x00000000cbc00000, 0x00000000cbd00000, 0x00000000cbd00000|100%|HC|  |TAMS 0x00000000cbc00000| PB 0x00000000cbc00000| Complete 
| 153|0x00000000cbd00000, 0x00000000cbe00000, 0x00000000cbe00000|100%|HC|  |TAMS 0x00000000cbd00000| PB 0x00000000cbd00000| Complete 
| 154|0x00000000cbe00000, 0x00000000cbf00000, 0x00000000cbf00000|100%|HC|  |TAMS 0x00000000cbe00000| PB 0x00000000cbe00000| Complete 
| 155|0x00000000cbf00000, 0x00000000cc000000, 0x00000000cc000000|100%|HC|  |TAMS 0x00000000cbf00000| PB 0x00000000cbf00000| Complete 
| 156|0x00000000cc000000, 0x00000000cc100000, 0x00000000cc100000|100%|HC|  |TAMS 0x00000000cc000000| PB 0x00000000cc000000| Complete 
| 157|0x00000000cc100000, 0x00000000cc200000, 0x00000000cc200000|100%|HC|  |TAMS 0x00000000cc100000| PB 0x00000000cc100000| Complete 
| 158|0x00000000cc200000, 0x00000000cc300000, 0x00000000cc300000|100%|HC|  |TAMS 0x00000000cc200000| PB 0x00000000cc200000| Complete 
| 159|0x00000000cc300000, 0x00000000cc400000, 0x00000000cc400000|100%|HC|  |TAMS 0x00000000cc300000| PB 0x00000000cc300000| Complete 
| 160|0x00000000cc400000, 0x00000000cc500000, 0x00000000cc500000|100%|HC|  |TAMS 0x00000000cc400000| PB 0x00000000cc400000| Complete 
| 161|0x00000000cc500000, 0x00000000cc600000, 0x00000000cc600000|100%|HC|  |TAMS 0x00000000cc500000| PB 0x00000000cc500000| Complete 
| 162|0x00000000cc600000, 0x00000000cc700000, 0x00000000cc700000|100%|HC|  |TAMS 0x00000000cc600000| PB 0x00000000cc600000| Complete 
| 163|0x00000000cc700000, 0x00000000cc800000, 0x00000000cc800000|100%|HC|  |TAMS 0x00000000cc700000| PB 0x00000000cc700000| Complete 
| 164|0x00000000cc800000, 0x00000000cc900000, 0x00000000cc900000|100%|HC|  |TAMS 0x00000000cc800000| PB 0x00000000cc800000| Complete 
| 165|0x00000000cc900000, 0x00000000cca00000, 0x00000000cca00000|100%|HC|  |TAMS 0x00000000cc900000| PB 0x00000000cc900000| Complete 
| 166|0x00000000cca00000, 0x00000000ccb00000, 0x00000000ccb00000|100%|HC|  |TAMS 0x00000000cca00000| PB 0x00000000cca00000| Complete 
| 167|0x00000000ccb00000, 0x00000000ccc00000, 0x00000000ccc00000|100%|HC|  |TAMS 0x00000000ccb00000| PB 0x00000000ccb00000| Complete 
| 168|0x00000000ccc00000, 0x00000000ccd00000, 0x00000000ccd00000|100%|HC|  |TAMS 0x00000000ccc00000| PB 0x00000000ccc00000| Complete 
| 169|0x00000000ccd00000, 0x00000000cce00000, 0x00000000cce00000|100%|HC|  |TAMS 0x00000000ccd00000| PB 0x00000000ccd00000| Complete 
| 170|0x00000000cce00000, 0x00000000ccf00000, 0x00000000ccf00000|100%|HC|  |TAMS 0x00000000cce00000| PB 0x00000000cce00000| Complete 
| 171|0x00000000ccf00000, 0x00000000cd000000, 0x00000000cd000000|100%|HC|  |TAMS 0x00000000ccf00000| PB 0x00000000ccf00000| Complete 
| 172|0x00000000cd000000, 0x00000000cd100000, 0x00000000cd100000|100%|HC|  |TAMS 0x00000000cd000000| PB 0x00000000cd000000| Complete 
| 173|0x00000000cd100000, 0x00000000cd200000, 0x00000000cd200000|100%|HS|  |TAMS 0x00000000cd200000| PB 0x00000000cd100000| Complete 
| 174|0x00000000cd200000, 0x00000000cd300000, 0x00000000cd300000|100%|HC|  |TAMS 0x00000000cd300000| PB 0x00000000cd200000| Complete 
| 175|0x00000000cd300000, 0x00000000cd400000, 0x00000000cd400000|100%|HC|  |TAMS 0x00000000cd400000| PB 0x00000000cd300000| Complete 
| 176|0x00000000cd400000, 0x00000000cd500000, 0x00000000cd500000|100%|HC|  |TAMS 0x00000000cd500000| PB 0x00000000cd400000| Complete 
| 177|0x00000000cd500000, 0x00000000cd600000, 0x00000000cd600000|100%|HC|  |TAMS 0x00000000cd600000| PB 0x00000000cd500000| Complete 
| 178|0x00000000cd600000, 0x00000000cd700000, 0x00000000cd700000|100%|HC|  |TAMS 0x00000000cd700000| PB 0x00000000cd600000| Complete 
| 179|0x00000000cd700000, 0x00000000cd800000, 0x00000000cd800000|100%|HC|  |TAMS 0x00000000cd800000| PB 0x00000000cd700000| Complete 
| 180|0x00000000cd800000, 0x00000000cd900000, 0x00000000cd900000|100%|HC|  |TAMS 0x00000000cd900000| PB 0x00000000cd800000| Complete 
| 181|0x00000000cd900000, 0x00000000cda00000, 0x00000000cda00000|100%| O|  |TAMS 0x00000000cd900000| PB 0x00000000cd900000| Untracked 
| 182|0x00000000cda00000, 0x00000000cdb00000, 0x00000000cdb00000|100%| O|  |TAMS 0x00000000cda00000| PB 0x00000000cda00000| Untracked 
| 183|0x00000000cdb00000, 0x00000000cdc00000, 0x00000000cdc00000|100%| O|  |TAMS 0x00000000cdb00000| PB 0x00000000cdb00000| Untracked 
| 184|0x00000000cdc00000, 0x00000000cdd00000, 0x00000000cdd00000|100%| O|  |TAMS 0x00000000cdc00000| PB 0x00000000cdc00000| Untracked 
| 185|0x00000000cdd00000, 0x00000000cde00000, 0x00000000cde00000|100%| O|  |TAMS 0x00000000cdd00000| PB 0x00000000cdd00000| Untracked 
| 186|0x00000000cde00000, 0x00000000cdf00000, 0x00000000cdf00000|100%| O|  |TAMS 0x00000000cde00000| PB 0x00000000cde00000| Untracked 
| 187|0x00000000cdf00000, 0x00000000ce000000, 0x00000000ce000000|100%| O|  |TAMS 0x00000000cdf00000| PB 0x00000000cdf00000| Untracked 
| 188|0x00000000ce000000, 0x00000000ce100000, 0x00000000ce100000|100%| O|  |TAMS 0x00000000ce000000| PB 0x00000000ce000000| Untracked 
| 189|0x00000000ce100000, 0x00000000ce174500, 0x00000000ce200000| 45%| O|  |TAMS 0x00000000ce100000| PB 0x00000000ce100000| Updating 
| 190|0x00000000ce200000, 0x00000000ce200000, 0x00000000ce300000|  0%| F|  |TAMS 0x00000000ce200000| PB 0x00000000ce200000| Untracked 
| 191|0x00000000ce300000, 0x00000000ce300000, 0x00000000ce400000|  0%| F|  |TAMS 0x00000000ce300000| PB 0x00000000ce300000| Untracked 
| 192|0x00000000ce400000, 0x00000000ce400000, 0x00000000ce500000|  0%| F|  |TAMS 0x00000000ce400000| PB 0x00000000ce400000| Untracked 
| 193|0x00000000ce500000, 0x00000000ce500000, 0x00000000ce600000|  0%| F|  |TAMS 0x00000000ce500000| PB 0x00000000ce500000| Untracked 
| 194|0x00000000ce600000, 0x00000000ce600000, 0x00000000ce700000|  0%| F|  |TAMS 0x00000000ce600000| PB 0x00000000ce600000| Untracked 
| 195|0x00000000ce700000, 0x00000000ce700000, 0x00000000ce800000|  0%| F|  |TAMS 0x00000000ce700000| PB 0x00000000ce700000| Untracked 
| 196|0x00000000ce800000, 0x00000000ce800000, 0x00000000ce900000|  0%| F|  |TAMS 0x00000000ce800000| PB 0x00000000ce800000| Untracked 
| 197|0x00000000ce900000, 0x00000000ce900000, 0x00000000cea00000|  0%| F|  |TAMS 0x00000000ce900000| PB 0x00000000ce900000| Untracked 
| 198|0x00000000cea00000, 0x00000000cea00000, 0x00000000ceb00000|  0%| F|  |TAMS 0x00000000cea00000| PB 0x00000000cea00000| Untracked 
| 199|0x00000000ceb00000, 0x00000000ceb00000, 0x00000000cec00000|  0%| F|  |TAMS 0x00000000ceb00000| PB 0x00000000ceb00000| Untracked 
| 200|0x00000000cec00000, 0x00000000cec00000, 0x00000000ced00000|  0%| F|  |TAMS 0x00000000cec00000| PB 0x00000000cec00000| Untracked 
| 201|0x00000000ced00000, 0x00000000ced00000, 0x00000000cee00000|  0%| F|  |TAMS 0x00000000ced00000| PB 0x00000000ced00000| Untracked 
| 202|0x00000000cee00000, 0x00000000cee00000, 0x00000000cef00000|  0%| F|  |TAMS 0x00000000cee00000| PB 0x00000000cee00000| Untracked 
| 203|0x00000000cef00000, 0x00000000cef00000, 0x00000000cf000000|  0%| F|  |TAMS 0x00000000cef00000| PB 0x00000000cef00000| Untracked 
| 204|0x00000000cf000000, 0x00000000cf000000, 0x00000000cf100000|  0%| F|  |TAMS 0x00000000cf000000| PB 0x00000000cf000000| Untracked 
| 205|0x00000000cf100000, 0x00000000cf100000, 0x00000000cf200000|  0%| F|  |TAMS 0x00000000cf100000| PB 0x00000000cf100000| Untracked 
| 206|0x00000000cf200000, 0x00000000cf200000, 0x00000000cf300000|  0%| F|  |TAMS 0x00000000cf200000| PB 0x00000000cf200000| Untracked 
| 207|0x00000000cf300000, 0x00000000cf300000, 0x00000000cf400000|  0%| F|  |TAMS 0x00000000cf300000| PB 0x00000000cf300000| Untracked 
| 208|0x00000000cf400000, 0x00000000cf400000, 0x00000000cf500000|  0%| F|  |TAMS 0x00000000cf400000| PB 0x00000000cf400000| Untracked 
| 209|0x00000000cf500000, 0x00000000cf500000, 0x00000000cf600000|  0%| F|  |TAMS 0x00000000cf500000| PB 0x00000000cf500000| Untracked 
| 210|0x00000000cf600000, 0x00000000cf600000, 0x00000000cf700000|  0%| F|  |TAMS 0x00000000cf600000| PB 0x00000000cf600000| Untracked 
| 211|0x00000000cf700000, 0x00000000cf700000, 0x00000000cf800000|  0%| F|  |TAMS 0x00000000cf700000| PB 0x00000000cf700000| Untracked 
| 212|0x00000000cf800000, 0x00000000cf800000, 0x00000000cf900000|  0%| F|  |TAMS 0x00000000cf800000| PB 0x00000000cf800000| Untracked 
| 213|0x00000000cf900000, 0x00000000cf900000, 0x00000000cfa00000|  0%| F|  |TAMS 0x00000000cf900000| PB 0x00000000cf900000| Untracked 
| 214|0x00000000cfa00000, 0x00000000cfa00000, 0x00000000cfb00000|  0%| F|  |TAMS 0x00000000cfa00000| PB 0x00000000cfa00000| Untracked 
| 215|0x00000000cfb00000, 0x00000000cfb00000, 0x00000000cfc00000|  0%| F|  |TAMS 0x00000000cfb00000| PB 0x00000000cfb00000| Untracked 
| 216|0x00000000cfc00000, 0x00000000cfc00000, 0x00000000cfd00000|  0%| F|  |TAMS 0x00000000cfc00000| PB 0x00000000cfc00000| Untracked 
| 217|0x00000000cfd00000, 0x00000000cfd00000, 0x00000000cfe00000|  0%| F|  |TAMS 0x00000000cfd00000| PB 0x00000000cfd00000| Untracked 
| 218|0x00000000cfe00000, 0x00000000cfe00000, 0x00000000cff00000|  0%| F|  |TAMS 0x00000000cfe00000| PB 0x00000000cfe00000| Untracked 
| 219|0x00000000cff00000, 0x00000000cff00000, 0x00000000d0000000|  0%| F|  |TAMS 0x00000000cff00000| PB 0x00000000cff00000| Untracked 
| 220|0x00000000d0000000, 0x00000000d0000000, 0x00000000d0100000|  0%| F|  |TAMS 0x00000000d0000000| PB 0x00000000d0000000| Untracked 
| 221|0x00000000d0100000, 0x00000000d01bb690, 0x00000000d0200000| 73%| S|CS|TAMS 0x00000000d0100000| PB 0x00000000d0100000| Complete 
| 222|0x00000000d0200000, 0x00000000d0200000, 0x00000000d0300000|  0%| F|  |TAMS 0x00000000d0200000| PB 0x00000000d0200000| Untracked 
| 223|0x00000000d0300000, 0x00000000d0300000, 0x00000000d0400000|  0%| F|  |TAMS 0x00000000d0300000| PB 0x00000000d0300000| Untracked 
| 224|0x00000000d0400000, 0x00000000d0400000, 0x00000000d0500000|  0%| F|  |TAMS 0x00000000d0400000| PB 0x00000000d0400000| Untracked 
| 225|0x00000000d0500000, 0x00000000d0500000, 0x00000000d0600000|  0%| F|  |TAMS 0x00000000d0500000| PB 0x00000000d0500000| Untracked 
| 226|0x00000000d0600000, 0x00000000d0600000, 0x00000000d0700000|  0%| F|  |TAMS 0x00000000d0600000| PB 0x00000000d0600000| Untracked 
| 227|0x00000000d0700000, 0x00000000d0700000, 0x00000000d0800000|  0%| F|  |TAMS 0x00000000d0700000| PB 0x00000000d0700000| Untracked 
| 228|0x00000000d0800000, 0x00000000d0800000, 0x00000000d0900000|  0%| F|  |TAMS 0x00000000d0800000| PB 0x00000000d0800000| Untracked 
| 229|0x00000000d0900000, 0x00000000d0900000, 0x00000000d0a00000|  0%| F|  |TAMS 0x00000000d0900000| PB 0x00000000d0900000| Untracked 
| 230|0x00000000d0a00000, 0x00000000d0a00000, 0x00000000d0b00000|  0%| F|  |TAMS 0x00000000d0a00000| PB 0x00000000d0a00000| Untracked 
| 231|0x00000000d0b00000, 0x00000000d0b00000, 0x00000000d0c00000|  0%| F|  |TAMS 0x00000000d0b00000| PB 0x00000000d0b00000| Untracked 
| 232|0x00000000d0c00000, 0x00000000d0c00000, 0x00000000d0d00000|  0%| F|  |TAMS 0x00000000d0c00000| PB 0x00000000d0c00000| Untracked 
| 233|0x00000000d0d00000, 0x00000000d0d00000, 0x00000000d0e00000|  0%| F|  |TAMS 0x00000000d0d00000| PB 0x00000000d0d00000| Untracked 
| 234|0x00000000d0e00000, 0x00000000d0e00000, 0x00000000d0f00000|  0%| F|  |TAMS 0x00000000d0e00000| PB 0x00000000d0e00000| Untracked 
| 235|0x00000000d0f00000, 0x00000000d0f00000, 0x00000000d1000000|  0%| F|  |TAMS 0x00000000d0f00000| PB 0x00000000d0f00000| Untracked 
| 981|0x00000000ff900000, 0x00000000ffa00000, 0x00000000ffa00000|100%| O|  |TAMS 0x00000000ff941ec0| PB 0x00000000ff941ec0| Updating 
| 982|0x00000000ffa00000, 0x00000000ffa00000, 0x00000000ffb00000|  0%| F|  |TAMS 0x00000000ffa00000| PB 0x00000000ffa00000| Untracked 
| 983|0x00000000ffb00000, 0x00000000ffbb8138, 0x00000000ffc00000| 71%| E|  |TAMS 0x00000000ffb00000| PB 0x00000000ffb00000| Complete 
| 984|0x00000000ffc00000, 0x00000000ffd00000, 0x00000000ffd00000|100%| O|  |TAMS 0x00000000ffd00000| PB 0x00000000ffd00000| Untracked 
| 985|0x00000000ffd00000, 0x00000000ffe00000, 0x00000000ffe00000|100%| O|  |TAMS 0x00000000ffe00000| PB 0x00000000ffe00000| Updating 
| 986|0x00000000ffe00000, 0x00000000fff00000, 0x00000000fff00000|100%| O|  |TAMS 0x00000000fff00000| PB 0x00000000fff00000| Untracked 
| 987|0x00000000fff00000, 0x0000000100000000, 0x0000000100000000|100%| O|  |TAMS 0x0000000100000000| PB 0x0000000100000000| Untracked 

Card table byte_map: [0x00000139d0510000,0x00000139d0700000] _byte_map_base: 0x00000139cfefe000

Marking Bits: (CMBitMap*) 0x00000139b8eb7300
 Bits: [0x00000139d0700000, 0x00000139d1670000)

Polling page: 0x00000139b8660000

Metaspace:

Usage:
  Non-class:      9.63 MB used.
      Class:      1.11 MB used.
       Both:     10.74 MB used.

Virtual space:
  Non-class space:       64.00 MB reserved,       9.75 MB ( 15%) committed,  1 nodes.
      Class space:        1.00 GB reserved,       1.25 MB ( <1%) committed,  1 nodes.
             Both:        1.06 GB reserved,      11.00 MB (  1%) committed. 

Chunk freelists:
   Non-Class:  6.20 MB
       Class:  14.74 MB
        Both:  20.93 MB

MaxMetaspaceSize: unlimited
CompressedClassSpaceSize: 1.00 GB
Initial GC threshold: 21.00 MB
Current GC threshold: 21.00 MB
CDS: on
 - commit_granule_bytes: 65536.
 - commit_granule_words: 8192.
 - virtual_space_node_default_size: 8388608.
 - enlarge_chunks_in_place: 1.
 - use_allocation_guard: 0.


Internal statistics:

num_allocs_failed_limit: 0.
num_arena_births: 196.
num_arena_deaths: 0.
num_vsnodes_births: 2.
num_vsnodes_deaths: 0.
num_space_committed: 176.
num_space_uncommitted: 0.
num_chunks_returned_to_freelist: 0.
num_chunks_taken_from_freelist: 270.
num_chunk_merges: 0.
num_chunk_splits: 160.
num_chunks_enlarged: 80.
num_inconsistent_stats: 0.

CodeHeap 'non-profiled nmethods': size=120000Kb used=955Kb max_used=1163Kb free=119044Kb
 bounds [0x00000139c8df0000, 0x00000139c9060000, 0x00000139d0320000]
CodeHeap 'profiled nmethods': size=120000Kb used=3671Kb max_used=3771Kb free=116328Kb
 bounds [0x00000139c1320000, 0x00000139c16d0000, 0x00000139c8850000]
CodeHeap 'non-nmethods': size=5760Kb used=1597Kb max_used=1616Kb free=4162Kb
 bounds [0x00000139c8850000, 0x00000139c8ac0000, 0x00000139c8df0000]
 total_blobs=2810 nmethods=2153 adapters=561
 compilation: enabled
              stopped_count=0, restarted_count=0
 full_count=0

Compilation events (20 events):
Event: 13.409 Thread 0x00000139d3b09c00 nmethod 2293 0x00000139c8f12310 code [0x00000139c8f124a0, 0x00000139c8f12568]
Event: 13.412 Thread 0x00000139d3acf880 nmethod 2290 0x00000139c8f12610 code [0x00000139c8f127c0, 0x00000139c8f12c30]
Event: 13.421 Thread 0x00000139d3b09c00 2295       3       java.util.Locale::getLanguage (8 bytes)
Event: 13.421 Thread 0x00000139d3b09c00 nmethod 2295 0x00000139c16cc090 code [0x00000139c16cc220, 0x00000139c16cc350]
Event: 13.461 Thread 0x00000139d3b09c00 2296       3       java.lang.Character::getType (9 bytes)
Event: 13.462 Thread 0x00000139d3b09c00 nmethod 2296 0x00000139c16cc410 code [0x00000139c16cc5c0, 0x00000139c16cc7b8]
Event: 13.462 Thread 0x00000139d3b09c00 2298       3       java.util.regex.Pattern::has (15 bytes)
Event: 13.462 Thread 0x00000139d3b09c00 nmethod 2298 0x00000139c16cc890 code [0x00000139c16cca20, 0x00000139c16ccb88]
Event: 13.462 Thread 0x00000139d3b09c00 2297       3       java.lang.CharacterDataLatin1::getType (11 bytes)
Event: 13.462 Thread 0x00000139d3b09c00 nmethod 2297 0x00000139c16ccc10 code [0x00000139c16ccdc0, 0x00000139c16ccf70]
Event: 13.466 Thread 0x00000139d3b09c00 2299       3       javax.sound.sampled.AudioFormat$Encoding::equals (31 bytes)
Event: 13.471 Thread 0x00000139d3b09c00 nmethod 2299 0x00000139c16cd090 code [0x00000139c16cd280, 0x00000139c16cd798]
Event: 13.471 Thread 0x00000139d3b09c00 2300   !   3       java.lang.ref.NativeReferenceQueue::enqueue (20 bytes)
Event: 13.471 Thread 0x00000139d3b09c00 nmethod 2300 0x00000139c16cd890 code [0x00000139c16cda40, 0x00000139c16cdc70]
Event: 13.471 Thread 0x00000139d3b09c00 2301       3       java.lang.ref.NativeReferenceQueue::signal (8 bytes)
Event: 13.471 Thread 0x00000139d3b09c00 nmethod 2301 0x00000139c16cdd90 code [0x00000139c16cdf40, 0x00000139c16ce080]
Event: 13.471 Thread 0x00000139d3b09c00 2303       3       java.util.ArrayList$Itr::next (66 bytes)
Event: 13.472 Thread 0x00000139d3b09c00 nmethod 2303 0x00000139c16ce190 code [0x00000139c16ce380, 0x00000139c16ce750]
Event: 13.472 Thread 0x00000139d3b09c00 2302       3       java.lang.invoke.MethodHandleNatives$CallSiteContext::run (5 bytes)
Event: 13.472 Thread 0x00000139d3b09c00 nmethod 2302 0x00000139c16ce910 code [0x00000139c16ceac0, 0x00000139c16cebf8]

GC Heap History (20 events):
Event: 4.596 GC heap before
{Heap before GC invocations=34 (full 0):
 garbage-first heap   total 144384K, used 81860K [0x00000000c2400000, 0x0000000100000000)
  region size 1024K, 6 young (6144K), 3 survivors (3072K)
 Metaspace       used 3778K, committed 3968K, reserved 1114112K
  class space    used 352K, committed 448K, reserved 1048576K
}
Event: 4.597 GC heap after
{Heap after GC invocations=35 (full 0):
 garbage-first heap   total 144384K, used 79759K [0x00000000c2400000, 0x0000000100000000)
  region size 1024K, 3 young (3072K), 3 survivors (3072K)
 Metaspace       used 3778K, committed 3968K, reserved 1114112K
  class space    used 352K, committed 448K, reserved 1048576K
}
Event: 4.644 GC heap before
{Heap before GC invocations=36 (full 0):
 garbage-first heap   total 144384K, used 83855K [0x00000000c2400000, 0x0000000100000000)
  region size 1024K, 6 young (6144K), 3 survivors (3072K)
 Metaspace       used 3778K, committed 3968K, reserved 1114112K
  class space    used 352K, committed 448K, reserved 1048576K
}
Event: 4.646 GC heap after
{Heap after GC invocations=37 (full 0):
 garbage-first heap   total 144384K, used 81683K [0x00000000c2400000, 0x0000000100000000)
  region size 1024K, 3 young (3072K), 3 survivors (3072K)
 Metaspace       used 3778K, committed 3968K, reserved 1114112K
  class space    used 352K, committed 448K, reserved 1048576K
}
Event: 4.678 GC heap before
{Heap before GC invocations=38 (full 0):
 garbage-first heap   total 144384K, used 85779K [0x00000000c2400000, 0x0000000100000000)
  region size 1024K, 6 young (6144K), 3 survivors (3072K)
 Metaspace       used 3781K, committed 3968K, reserved 1114112K
  class space    used 352K, committed 448K, reserved 1048576K
}
Event: 4.680 GC heap after
{Heap after GC invocations=39 (full 0):
 garbage-first heap   total 144384K, used 83722K [0x00000000c2400000, 0x0000000100000000)
  region size 1024K, 2 young (2048K), 2 survivors (2048K)
 Metaspace       used 3781K, committed 3968K, reserved 1114112K
  class space    used 352K, committed 448K, reserved 1048576K
}
Event: 4.737 GC heap before
{Heap before GC invocations=40 (full 0):
 garbage-first heap   total 145408K, used 86794K [0x00000000c2400000, 0x0000000100000000)
  region size 1024K, 5 young (5120K), 2 survivors (2048K)
 Metaspace       used 3782K, committed 3968K, reserved 1114112K
  class space    used 352K, committed 448K, reserved 1048576K
}
Event: 4.738 GC heap after
{Heap after GC invocations=41 (full 0):
 garbage-first heap   total 145408K, used 85024K [0x00000000c2400000, 0x0000000100000000)
  region size 1024K, 2 young (2048K), 2 survivors (2048K)
 Metaspace       used 3782K, committed 3968K, reserved 1114112K
  class space    used 352K, committed 448K, reserved 1048576K
}
Event: 7.081 GC heap before
{Heap before GC invocations=42 (full 0):
 garbage-first heap   total 147456K, used 146464K [0x00000000c2400000, 0x0000000100000000)
  region size 1024K, 32 young (32768K), 2 survivors (2048K)
 Metaspace       used 7165K, committed 7360K, reserved 1114112K
  class space    used 716K, committed 832K, reserved 1048576K
}
Event: 7.085 GC heap after
{Heap after GC invocations=43 (full 0):
 garbage-first heap   total 153600K, used 119902K [0x00000000c2400000, 0x0000000100000000)
  region size 1024K, 6 young (6144K), 6 survivors (6144K)
 Metaspace       used 7165K, committed 7360K, reserved 1114112K
  class space    used 716K, committed 832K, reserved 1048576K
}
Event: 7.404 GC heap before
{Heap before GC invocations=43 (full 0):
 garbage-first heap   total 153600K, used 152670K [0x00000000c2400000, 0x0000000100000000)
  region size 1024K, 22 young (22528K), 6 survivors (6144K)
 Metaspace       used 7238K, committed 7424K, reserved 1114112K
  class space    used 727K, committed 832K, reserved 1048576K
}
Event: 7.408 GC heap after
{Heap after GC invocations=44 (full 0):
 garbage-first heap   total 160768K, used 133444K [0x00000000c2400000, 0x0000000100000000)
  region size 1024K, 1 young (1024K), 1 survivors (1024K)
 Metaspace       used 7238K, committed 7424K, reserved 1114112K
  class space    used 727K, committed 832K, reserved 1048576K
}
Event: 7.500 GC heap before
{Heap before GC invocations=44 (full 0):
 garbage-first heap   total 160768K, used 135492K [0x00000000c2400000, 0x0000000100000000)
  region size 1024K, 5 young (5120K), 1 survivors (1024K)
 Metaspace       used 7575K, committed 7808K, reserved 1114112K
  class space    used 784K, committed 896K, reserved 1048576K
}
Event: 7.501 GC heap after
{Heap after GC invocations=45 (full 0):
 garbage-first heap   total 160768K, used 135169K [0x00000000c2400000, 0x0000000100000000)
  region size 1024K, 2 young (2048K), 2 survivors (2048K)
 Metaspace       used 7575K, committed 7808K, reserved 1114112K
  class space    used 784K, committed 896K, reserved 1048576K
}
Event: 7.758 GC heap before
{Heap before GC invocations=46 (full 0):
 garbage-first heap   total 237568K, used 157463K [0x00000000c2400000, 0x0000000100000000)
  region size 1024K, 15 young (15360K), 2 survivors (2048K)
 Metaspace       used 7626K, committed 7872K, reserved 1114112K
  class space    used 787K, committed 896K, reserved 1048576K
}
Event: 7.759 GC heap after
{Heap after GC invocations=47 (full 0):
 garbage-first heap   total 237568K, used 145731K [0x00000000c2400000, 0x0000000100000000)
  region size 1024K, 1 young (1024K), 1 survivors (1024K)
 Metaspace       used 7626K, committed 7872K, reserved 1114112K
  class space    used 787K, committed 896K, reserved 1048576K
}
Event: 10.568 GC heap before
{Heap before GC invocations=47 (full 0):
 garbage-first heap   total 237568K, used 234819K [0x00000000c2400000, 0x0000000100000000)
  region size 1024K, 46 young (47104K), 1 survivors (1024K)
 Metaspace       used 10404K, committed 10688K, reserved 1114112K
  class space    used 1099K, committed 1216K, reserved 1048576K
}
Event: 10.575 GC heap after
{Heap after GC invocations=48 (full 0):
 garbage-first heap   total 248832K, used 199943K [0x00000000c2400000, 0x0000000100000000)
  region size 1024K, 10 young (10240K), 10 survivors (10240K)
 Metaspace       used 10404K, committed 10688K, reserved 1114112K
  class space    used 1099K, committed 1216K, reserved 1048576K
}
Event: 13.466 GC heap before
{Heap before GC invocations=48 (full 0):
 garbage-first heap   total 248832K, used 205063K [0x00000000c2400000, 0x0000000100000000)
  region size 1024K, 16 young (16384K), 10 survivors (10240K)
 Metaspace       used 11000K, committed 11264K, reserved 1114112K
  class space    used 1136K, committed 1280K, reserved 1048576K
}
Event: 13.470 GC heap after
{Heap after GC invocations=49 (full 0):
 garbage-first heap   total 248832K, used 167102K [0x00000000c2400000, 0x0000000100000000)
  region size 1024K, 1 young (1024K), 1 survivors (1024K)
 Metaspace       used 11000K, committed 11264K, reserved 1114112K
  class space    used 1136K, committed 1280K, reserved 1048576K
}

Dll operation events (10 events):
Event: 0.022 Loaded shared library C:\Program Files\Java\jdk-21\bin\java.dll
Event: 0.076 Loaded shared library C:\Program Files\Java\jdk-21\bin\jsvml.dll
Event: 0.128 Loaded shared library C:\Program Files\Java\jdk-21\bin\net.dll
Event: 0.132 Loaded shared library C:\Program Files\Java\jdk-21\bin\nio.dll
Event: 0.383 Loaded shared library C:\Program Files\Java\jdk-21\bin\jimage.dll
Event: 0.387 Loaded shared library C:\Program Files\Java\jdk-21\bin\awt.dll
Event: 0.489 Loaded shared library C:\Program Files\Java\jdk-21\bin\zip.dll
Event: 9.201 Loaded shared library C:\Program Files\Java\jdk-21\bin\jsound.dll
Event: 9.208 Loaded shared library C:\Program Files\Java\jdk-21\bin\freetype.dll
Event: 9.217 Loaded shared library C:\Program Files\Java\jdk-21\bin\fontmanager.dll

Deoptimization events (20 events):
Event: 9.161 Thread 0x0000013a1c7cdeb0 DEOPT PACKING pc=0x00000139c8e28718 sp=0x00000020435ff130
Event: 9.161 Thread 0x0000013a1c7cdeb0 DEOPT UNPACKING pc=0x00000139c88a46a2 sp=0x00000020435ff080 mode 2
Event: 9.240 Thread 0x0000013a19232c90 Uncommon trap: trap_request=0xffffff45 fr.pc=0x00000139c8e25aa0 relative=0x0000000000000200
Event: 9.240 Thread 0x0000013a19232c90 Uncommon trap: reason=unstable_if action=reinterpret pc=0x00000139c8e25aa0 method=java.lang.StringUTF16.compress([CI[BII)I @ 20 c2
Event: 9.240 Thread 0x0000013a19232c90 DEOPT PACKING pc=0x00000139c8e25aa0 sp=0x0000002042efd3e0
Event: 9.240 Thread 0x0000013a19232c90 DEOPT UNPACKING pc=0x00000139c88a46a2 sp=0x0000002042efd350 mode 2
Event: 12.055 Thread 0x0000013a19ed4f10 Uncommon trap: trap_request=0xffffffde fr.pc=0x00000139c8e28718 relative=0x00000000000005d8
Event: 12.055 Thread 0x0000013a19ed4f10 Uncommon trap: reason=class_check action=maybe_recompile pc=0x00000139c8e28718 method=java.util.regex.Pattern$Start.match(Ljava/util/regex/Matcher;ILjava/lang/CharSequence;)Z @ 44 c2
Event: 12.055 Thread 0x0000013a19ed4f10 DEOPT PACKING pc=0x00000139c8e28718 sp=0x0000002043ffee50
Event: 12.055 Thread 0x0000013a19ed4f10 DEOPT UNPACKING pc=0x00000139c88a46a2 sp=0x0000002043ffeda0 mode 2
Event: 13.074 Thread 0x0000013a19232c90 DEOPT PACKING pc=0x00000139c15d65e7 sp=0x0000002042efc410
Event: 13.074 Thread 0x0000013a19232c90 DEOPT UNPACKING pc=0x00000139c88a4e42 sp=0x0000002042efb8f0 mode 0
Event: 13.367 Thread 0x0000013a1c7cdeb0 Uncommon trap: trap_request=0xffffffde fr.pc=0x00000139c8e28718 relative=0x00000000000005d8
Event: 13.367 Thread 0x0000013a1c7cdeb0 Uncommon trap: reason=class_check action=maybe_recompile pc=0x00000139c8e28718 method=java.util.regex.Pattern$Start.match(Ljava/util/regex/Matcher;ILjava/lang/CharSequence;)Z @ 44 c2
Event: 13.367 Thread 0x0000013a1c7cdeb0 DEOPT PACKING pc=0x00000139c8e28718 sp=0x00000020435ff120
Event: 13.367 Thread 0x0000013a1c7cdeb0 DEOPT UNPACKING pc=0x00000139c88a46a2 sp=0x00000020435ff070 mode 2
Event: 13.387 Thread 0x0000013a19232c90 Uncommon trap: trap_request=0xffffff45 fr.pc=0x00000139c8e2894c relative=0x000000000000080c
Event: 13.387 Thread 0x0000013a19232c90 Uncommon trap: reason=unstable_if action=reinterpret pc=0x00000139c8e2894c method=java.util.regex.Pattern$BmpCharPropertyGreedy.match(Ljava/util/regex/Matcher;ILjava/lang/CharSequence;)Z @ 12 c2
Event: 13.387 Thread 0x0000013a19232c90 DEOPT PACKING pc=0x00000139c8e2894c sp=0x0000002042efd6b0
Event: 13.387 Thread 0x0000013a19232c90 DEOPT UNPACKING pc=0x00000139c88a46a2 sp=0x0000002042efd588 mode 2

Classes loaded (20 events):
Event: 13.421 Loading class sun/util/resources/TimeZoneNames_en
Event: 13.421 Loading class sun/util/resources/TimeZoneNames_en done
Event: 13.426 Loading class java/io/FileOutputStream$1
Event: 13.426 Loading class java/io/FileOutputStream$1 done
Event: 13.427 Loading class javax/swing/ClientPropertyKey
Event: 13.427 Loading class javax/swing/ClientPropertyKey done
Event: 13.428 Loading class javax/swing/ClientPropertyKey$1
Event: 13.428 Loading class sun/awt/AWTAccessor$ClientPropertyKeyAccessor
Event: 13.428 Loading class sun/awt/AWTAccessor$ClientPropertyKeyAccessor done
Event: 13.428 Loading class javax/swing/ClientPropertyKey$1 done
Event: 13.428 Loading class java/util/ArrayList$ListItr
Event: 13.429 Loading class java/util/ArrayList$ListItr done
Event: 13.434 Loading class java/awt/Robot
Event: 13.435 Loading class java/awt/Robot done
Event: 13.435 Loading class sun/awt/windows/WRobotPeer
Event: 13.435 Loading class java/awt/peer/RobotPeer
Event: 13.436 Loading class java/awt/peer/RobotPeer done
Event: 13.436 Loading class sun/awt/windows/WRobotPeer done
Event: 13.437 Loading class jdk/internal/event/ThreadSleepEvent
Event: 13.438 Loading class jdk/internal/event/ThreadSleepEvent done

Classes unloaded (0 events):
No events

Classes redefined (0 events):
No events

Internal exceptions (20 events):
Event: 6.723 Thread 0x0000013a19232c90 Implicit null exception at 0x00000139c8e37966 to 0x00000139c8e37a12
Event: 6.731 Thread 0x0000013a19232c90 Exception <a 'java/lang/NoSuchMethodError'{0x00000000c97dcde8}: 'int java.lang.invoke.Invokers$Holder.invokeExact_MT(java.lang.Object, java.lang.Object)'> (0x00000000c97dcde8) 
thrown [s\open\src\hotspot\share\interpreter\linkResolver.cpp, line 773]
Event: 6.787 Thread 0x0000013a19232c90 Exception <a 'sun/nio/fs/WindowsException'{0x00000000c9615180}> (0x00000000c9615180) 
thrown [s\open\src\hotspot\share\prims\jni.cpp, line 520]
Event: 6.788 Thread 0x0000013a19232c90 Exception <a 'sun/nio/fs/WindowsException'{0x00000000c9616340}> (0x00000000c9616340) 
thrown [s\open\src\hotspot\share\prims\jni.cpp, line 520]
Event: 6.788 Thread 0x0000013a19232c90 Exception <a 'sun/nio/fs/WindowsException'{0x00000000c9617500}> (0x00000000c9617500) 
thrown [s\open\src\hotspot\share\prims\jni.cpp, line 520]
Event: 6.789 Thread 0x0000013a19232c90 Exception <a 'sun/nio/fs/WindowsException'{0x00000000c96186c8}> (0x00000000c96186c8) 
thrown [s\open\src\hotspot\share\prims\jni.cpp, line 520]
Event: 6.790 Thread 0x0000013a19232c90 Exception <a 'sun/nio/fs/WindowsException'{0x00000000c9619890}> (0x00000000c9619890) 
thrown [s\open\src\hotspot\share\prims\jni.cpp, line 520]
Event: 6.854 Thread 0x0000013a19232c90 Exception <a 'java/lang/NoSuchMethodError'{0x00000000c9666938}: 'java.lang.Object java.lang.invoke.DirectMethodHandle$Holder.invokeStaticInit(java.lang.Object, int, int, int, int)'> (0x00000000c9666938) 
thrown [s\open\src\hotspot\share\interpreter\linkResolver.cpp, line 773]
Event: 6.901 Thread 0x0000013a19232c90 Exception <a 'java/lang/NoSuchMethodError'{0x00000000c96871e8}: 'java.lang.Object java.lang.invoke.DirectMethodHandle$Holder.invokeStaticInit(java.lang.Object, java.lang.Object, int, int, int, int)'> (0x00000000c96871e8) 
thrown [s\open\src\hotspot\share\interpreter\linkResolver.cpp, line 773]
Event: 7.577 Thread 0x0000013a19232c90 Implicit null exception at 0x00000139c8e2f3e1 to 0x00000139c8e30220
Event: 7.994 Thread 0x0000013a19232c90 Exception <a 'java/lang/NoSuchMethodError'{0x00000000cef4c630}: 'void java.lang.invoke.DirectMethodHandle$Holder.invokeStatic(java.lang.Object, java.lang.Object, java.lang.Object)'> (0x00000000cef4c630) 
thrown [s\open\src\hotspot\share\interpreter\linkResolver.cpp, line 773]
Event: 8.002 Thread 0x0000013a19232c90 Exception <a 'java/lang/NoSuchMethodError'{0x00000000cef54680}: 'void java.lang.invoke.DirectMethodHandle$Holder.invokeSpecial(java.lang.Object, java.lang.Object, java.lang.Object, java.lang.Object, java.lang.Object)'> (0x00000000cef54680) 
thrown [s\open\src\hotspot\share\interpreter\linkResolver.cpp, line 773]
Event: 8.027 Thread 0x0000013a1908b1d0 Implicit null exception at 0x00000139c8eb4fae to 0x00000139c8eb5474
Event: 9.173 Thread 0x0000013a1c7cdeb0 Exception <a 'sun/nio/fs/WindowsException'{0x00000000cdb6de00}> (0x00000000cdb6de00) 
thrown [s\open\src\hotspot\share\prims\jni.cpp, line 520]
Event: 9.193 Thread 0x0000013a19232c90 Exception <a 'java/lang/NoSuchMethodError'{0x00000000cdbec708}: 'void java.lang.invoke.DirectMethodHandle$Holder.invokeStaticInit(java.lang.Object)'> (0x00000000cdbec708) 
thrown [s\open\src\hotspot\share\interpreter\linkResolver.cpp, line 773]
Event: 9.324 Thread 0x0000013a19232c90 Exception <a 'sun/nio/fs/WindowsException'{0x00000000cda428b8}> (0x00000000cda428b8) 
thrown [s\open\src\hotspot\share\prims\jni.cpp, line 520]
Event: 9.630 Thread 0x0000013a1c7cdeb0 Exception <a 'sun/nio/fs/WindowsException'{0x00000000cdb7c370}> (0x00000000cdb7c370) 
thrown [s\open\src\hotspot\share\prims\jni.cpp, line 520]
Event: 9.666 Thread 0x0000013a19232c90 Exception <a 'java/lang/NoSuchMethodError'{0x00000000cd912868}: 'int java.lang.invoke.DirectMethodHandle$Holder.invokeVirtual(java.lang.Object, java.lang.Object)'> (0x00000000cd912868) 
thrown [s\open\src\hotspot\share\interpreter\linkResolver.cpp, line 773]
Event: 13.404 Thread 0x0000013a19232c90 Exception <a 'sun/nio/fs/WindowsException'{0x00000000d021bde0}> (0x00000000d021bde0) 
thrown [s\open\src\hotspot\share\prims\jni.cpp, line 520]
Event: 13.424 Thread 0x0000013a19232c90 Exception <a 'java/lang/NoSuchMethodError'{0x00000000d024c810}: 'java.lang.Object java.lang.invoke.Invokers$Holder.invokeExact_MT(java.lang.Object, java.lang.Object, java.lang.Object, java.lang.Object, java.lang.Object, java.lang.Object)'> (0x00000000d024c810) 
thrown [s\open\src\hotspot\share\interpreter\linkResolver.cpp, line 773]

ZGC Phase Switch (0 events):
No events

VM Operations (20 events):
Event: 7.759 Executing VM operation: G1CollectForAllocation (G1 Evacuation Pause) done
Event: 8.770 Executing VM operation: Cleanup
Event: 8.771 Executing VM operation: Cleanup done
Event: 9.163 Executing VM operation: HandshakeAllThreads (Deoptimize)
Event: 9.163 Executing VM operation: HandshakeAllThreads (Deoptimize) done
Event: 9.339 Executing VM operation: HandshakeAllThreads (Deoptimize)
Event: 9.339 Executing VM operation: HandshakeAllThreads (Deoptimize) done
Event: 10.351 Executing VM operation: Cleanup
Event: 10.352 Executing VM operation: Cleanup done
Event: 10.568 Executing VM operation: G1CollectForAllocation (G1 Evacuation Pause)
Event: 10.575 Executing VM operation: G1CollectForAllocation (G1 Evacuation Pause) done
Event: 11.583 Executing VM operation: Cleanup
Event: 11.585 Executing VM operation: Cleanup done
Event: 12.586 Executing VM operation: Cleanup
Event: 12.601 Executing VM operation: Cleanup done
Event: 13.430 Executing VM operation: HandshakeAllThreads (Deoptimize)
Event: 13.430 Executing VM operation: HandshakeAllThreads (Deoptimize) done
Event: 13.466 Executing VM operation: G1TryInitiateConcMark (G1 Humongous Allocation)
Event: 13.470 Executing VM operation: G1TryInitiateConcMark (G1 Humongous Allocation) done
Event: 13.488 Executing VM operation: G1PauseRemark

Events (20 events):
Event: 13.490 Thread 0x00000139b8f3d5e0 flushing nmethod 0x00000139c1453310
Event: 13.490 Thread 0x00000139b8f3d5e0 flushing nmethod 0x00000139c1454b10
Event: 13.490 Thread 0x00000139b8f3d5e0 flushing nmethod 0x00000139c14a6a90
Event: 13.490 Thread 0x00000139b8f3d5e0 flushing nmethod 0x00000139c8e20710
Event: 13.490 Thread 0x00000139b8f3d5e0 flushing nmethod 0x00000139c8e31890
Event: 13.490 Thread 0x00000139b8f3d5e0 flushing nmethod 0x00000139c8e3e510
Event: 13.490 Thread 0x00000139b8f3d5e0 flushing nmethod 0x00000139c8e5f810
Event: 13.490 Thread 0x00000139b8f3d5e0 flushing nmethod 0x00000139c8e71c90
Event: 13.490 Thread 0x00000139b8f3d5e0 flushing nmethod 0x00000139c8e8b210
Event: 13.490 Thread 0x00000139b8f3d5e0 flushing nmethod 0x00000139c8e90d10
Event: 13.490 Thread 0x00000139b8f3d5e0 flushing nmethod 0x00000139c1339090
Event: 13.490 Thread 0x00000139b8f3d5e0 flushing nmethod 0x00000139c133c890
Event: 13.490 Thread 0x00000139b8f3d5e0 flushing nmethod 0x00000139c133d190
Event: 13.490 Thread 0x00000139b8f3d5e0 flushing nmethod 0x00000139c133d510
Event: 13.490 Thread 0x00000139b8f3d5e0 flushing nmethod 0x00000139c133ff10
Event: 13.490 Thread 0x00000139b8f3d5e0 flushing nmethod 0x00000139c1375e10
Event: 13.490 Thread 0x00000139b8f3d5e0 flushing nmethod 0x00000139c13e3810
Event: 13.490 Thread 0x00000139b8f3d5e0 flushing nmethod 0x00000139c14b4a90
Event: 13.490 Thread 0x00000139b8f3d5e0 flushing nmethod 0x00000139c14b6b90
Event: 13.490 Thread 0x00000139b8f3d5e0 flushing nmethod 0x00000139c14b7610


Dynamic libraries:
0x00007ff68bb10000 - 0x00007ff68bb20000 	C:\Program Files\Java\jdk-21\bin\javaw.exe
0x00007ffc604f0000 - 0x00007ffc606e8000 	C:\WINDOWS\SYSTEM32\ntdll.dll
0x00007ffc5e5b0000 - 0x00007ffc5e66f000 	C:\WINDOWS\System32\KERNEL32.DLL
0x00007ffc5e250000 - 0x00007ffc5e546000 	C:\WINDOWS\System32\KERNELBASE.dll
0x00007ffc5df10000 - 0x00007ffc5e010000 	C:\WINDOWS\System32\ucrtbase.dll
0x00007ffc4d8d0000 - 0x00007ffc4d8eb000 	C:\Program Files\Java\jdk-21\bin\VCRUNTIME140.dll
0x00007ffc4d8b0000 - 0x00007ffc4d8c9000 	C:\Program Files\Java\jdk-21\bin\jli.dll
0x00007ffc5f450000 - 0x00007ffc5f4ff000 	C:\WINDOWS\System32\ADVAPI32.dll
0x00007ffc5ff10000 - 0x00007ffc5ffae000 	C:\WINDOWS\System32\msvcrt.dll
0x00007ffc5f940000 - 0x00007ffc5f9dc000 	C:\WINDOWS\System32\sechost.dll
0x00007ffc5f5d0000 - 0x00007ffc5f6f6000 	C:\WINDOWS\System32\RPCRT4.dll
0x00007ffc60310000 - 0x00007ffc604ad000 	C:\WINDOWS\System32\USER32.dll
0x00007ffc5e1f0000 - 0x00007ffc5e212000 	C:\WINDOWS\System32\win32u.dll
0x00007ffc47040000 - 0x00007ffc472da000 	C:\WINDOWS\WinSxS\amd64_microsoft.windows.common-controls_6595b64144ccf1df_6.0.19041.1110_none_60b5254171f9507e\COMCTL32.dll
0x00007ffc5ef10000 - 0x00007ffc5ef3c000 	C:\WINDOWS\System32\GDI32.dll
0x00007ffc5e010000 - 0x00007ffc5e125000 	C:\WINDOWS\System32\gdi32full.dll
0x00007ffc5dd30000 - 0x00007ffc5ddcd000 	C:\WINDOWS\System32\msvcp_win.dll
0x00007ffc53f60000 - 0x00007ffc53f6a000 	C:\WINDOWS\SYSTEM32\VERSION.dll
0x00007ffc5f5a0000 - 0x00007ffc5f5d0000 	C:\WINDOWS\System32\IMM32.DLL
0x00007ffc4d8a0000 - 0x00007ffc4d8ac000 	C:\Program Files\Java\jdk-21\bin\vcruntime140_1.dll
0x00007ffc199a0000 - 0x00007ffc19a2e000 	C:\Program Files\Java\jdk-21\bin\msvcp140.dll
0x00007ffbe4270000 - 0x00007ffbe4f8a000 	C:\Program Files\Java\jdk-21\bin\server\jvm.dll
0x00007ffc5f700000 - 0x00007ffc5f76b000 	C:\WINDOWS\System32\WS2_32.dll
0x00007ffc5dac0000 - 0x00007ffc5db0b000 	C:\WINDOWS\SYSTEM32\POWRPROF.dll
0x00007ffc45dc0000 - 0x00007ffc45de7000 	C:\WINDOWS\SYSTEM32\WINMM.dll
0x00007ffc5da20000 - 0x00007ffc5da32000 	C:\WINDOWS\SYSTEM32\UMPDC.dll
0x00007ffc5c420000 - 0x00007ffc5c432000 	C:\WINDOWS\SYSTEM32\kernel.appcore.dll
0x00007ffc54280000 - 0x00007ffc5428a000 	C:\Program Files\Java\jdk-21\bin\jimage.dll
0x00007ffc58940000 - 0x00007ffc58b24000 	C:\WINDOWS\SYSTEM32\DBGHELP.DLL
0x00007ffc42590000 - 0x00007ffc425c4000 	C:\WINDOWS\SYSTEM32\dbgcore.DLL
0x00007ffc5de80000 - 0x00007ffc5df02000 	C:\WINDOWS\System32\bcryptPrimitives.dll
0x00007ffc44680000 - 0x00007ffc4469f000 	C:\Program Files\Java\jdk-21\bin\java.dll
0x00007ffc5e680000 - 0x00007ffc5edc4000 	C:\WINDOWS\System32\SHELL32.dll
0x00007ffc5bc40000 - 0x00007ffc5c3d3000 	C:\WINDOWS\SYSTEM32\windows.storage.dll
0x00007ffc5ffb0000 - 0x00007ffc60304000 	C:\WINDOWS\System32\combase.dll
0x00007ffc5d550000 - 0x00007ffc5d57e000 	C:\WINDOWS\SYSTEM32\Wldp.dll
0x00007ffc5ef40000 - 0x00007ffc5efed000 	C:\WINDOWS\System32\SHCORE.dll
0x00007ffc5feb0000 - 0x00007ffc5ff05000 	C:\WINDOWS\System32\shlwapi.dll
0x00007ffc5db10000 - 0x00007ffc5db2f000 	C:\WINDOWS\SYSTEM32\profapi.dll
0x00007ffc26bc0000 - 0x00007ffc26c97000 	C:\Program Files\Java\jdk-21\bin\jsvml.dll
0x00007ffc4ca20000 - 0x00007ffc4ca30000 	C:\Program Files\Java\jdk-21\bin\net.dll
0x00007ffc4da40000 - 0x00007ffc4db4a000 	C:\WINDOWS\SYSTEM32\WINHTTP.dll
0x00007ffc5d2b0000 - 0x00007ffc5d31a000 	C:\WINDOWS\system32\mswsock.dll
0x00007ffc439c0000 - 0x00007ffc439d6000 	C:\Program Files\Java\jdk-21\bin\nio.dll
0x00007ffc17f20000 - 0x00007ffc180af000 	C:\Program Files\Java\jdk-21\bin\awt.dll
0x00007ffc5f2d0000 - 0x00007ffc5f39d000 	C:\WINDOWS\System32\OLEAUT32.dll
0x00007ffc57ef0000 - 0x00007ffc57f81000 	C:\WINDOWS\SYSTEM32\apphelp.dll
0x00007ffc58020000 - 0x00007ffc580be000 	C:\WINDOWS\system32\uxtheme.dll
0x00007ffc5eff0000 - 0x00007ffc5f104000 	C:\WINDOWS\System32\MSCTF.dll
0x00007ffc5edd0000 - 0x00007ffc5eefa000 	C:\WINDOWS\System32\ole32.dll
0x00007ffc3f6d0000 - 0x00007ffc3f6e8000 	C:\Program Files\Java\jdk-21\bin\zip.dll
0x00007ffc58310000 - 0x00007ffc5833f000 	C:\WINDOWS\system32\DWMAPI.DLL
0x00007ffc406e0000 - 0x00007ffc40805000 	C:\WINDOWS\system32\opengl32.dll
0x00007ffc47010000 - 0x00007ffc4703c000 	C:\WINDOWS\SYSTEM32\GLU32.dll
0x00007ffc5d4a0000 - 0x00007ffc5d4b8000 	C:\WINDOWS\SYSTEM32\CRYPTSP.dll
0x00007ffc5cbd0000 - 0x00007ffc5cc04000 	C:\WINDOWS\system32\rsaenh.dll
0x00007ffc5e220000 - 0x00007ffc5e247000 	C:\WINDOWS\System32\bcrypt.dll
0x00007ffc5da80000 - 0x00007ffc5daae000 	C:\WINDOWS\SYSTEM32\USERENV.dll
0x00007ffc5d4c0000 - 0x00007ffc5d4cc000 	C:\WINDOWS\SYSTEM32\CRYPTBASE.dll
0x00007ffc5cfa0000 - 0x00007ffc5cfdc000 	C:\WINDOWS\SYSTEM32\IPHLPAPI.DLL
0x00007ffc5e670000 - 0x00007ffc5e678000 	C:\WINDOWS\System32\NSI.dll
0x00007ffc49c80000 - 0x00007ffc49c92000 	C:\Program Files\Java\jdk-21\bin\jsound.dll
0x00007ffbe8f90000 - 0x00007ffbe902c000 	C:\WINDOWS\SYSTEM32\DSOUND.dll
0x00007ffc469f0000 - 0x00007ffc46a16000 	C:\WINDOWS\SYSTEM32\winmmbase.dll
0x00007ffc17e90000 - 0x00007ffc17f17000 	C:\Program Files\Java\jdk-21\bin\freetype.dll
0x00007ffc17da0000 - 0x00007ffc17e81000 	C:\Program Files\Java\jdk-21\bin\fontmanager.dll
0x00007ffc5f3a0000 - 0x00007ffc5f449000 	C:\WINDOWS\System32\clbcatq.dll
0x00007ffc54020000 - 0x00007ffc540a5000 	C:\WINDOWS\System32\MMDevApi.dll
0x00007ffc5d8a0000 - 0x00007ffc5d8cc000 	C:\WINDOWS\System32\DEVOBJ.dll
0x00007ffc5e130000 - 0x00007ffc5e17e000 	C:\WINDOWS\System32\cfgmgr32.dll
0x00007ffc4ab70000 - 0x00007ffc4abb6000 	C:\WINDOWS\SYSTEM32\wdmaud.drv
0x00007ffc55450000 - 0x00007ffc5545a000 	C:\WINDOWS\SYSTEM32\AVRT.dll
0x00007ffc3b010000 - 0x00007ffc3b019000 	C:\WINDOWS\SYSTEM32\ksuser.dll
0x00007ffc540c0000 - 0x00007ffc54242000 	C:\WINDOWS\SYSTEM32\AUDIOSES.DLL
0x00007ffc4b7c0000 - 0x00007ffc4b7cd000 	C:\WINDOWS\SYSTEM32\msacm32.drv
0x00007ffc4b230000 - 0x00007ffc4b24e000 	C:\WINDOWS\SYSTEM32\MSACM32.dll
0x00007ffc4b440000 - 0x00007ffc4b44b000 	C:\WINDOWS\SYSTEM32\midimap.dll
0x00007ffc4cfe0000 - 0x00007ffc4d0da000 	C:\WINDOWS\SYSTEM32\textinputframework.dll
0x00007ffc57c70000 - 0x00007ffc57d62000 	C:\WINDOWS\System32\CoreMessaging.dll
0x00007ffc57910000 - 0x00007ffc57c6e000 	C:\WINDOWS\System32\CoreUIComponents.dll
0x00007ffc5ccf0000 - 0x00007ffc5cd23000 	C:\WINDOWS\SYSTEM32\ntmarta.dll
0x00007ffc571f0000 - 0x00007ffc57344000 	C:\WINDOWS\SYSTEM32\wintypes.dll
0x00007ffc580f0000 - 0x00007ffc58104000 	C:\WINDOWS\SYSTEM32\resourcepolicyclient.dll
0x00007ffc4d160000 - 0x00007ffc4d2a1000 	C:\Windows\System32\Windows.UI.dll
0x00007ffc4ce80000 - 0x00007ffc4cfd2000 	C:\Windows\System32\InputHost.dll
0x00007ffc54e50000 - 0x00007ffc54ef1000 	C:\Windows\System32\WindowManagementAPI.dll
0x00007ffc56180000 - 0x00007ffc56276000 	C:\Windows\System32\PROPSYS.dll
0x00007ffc54c00000 - 0x00007ffc54e00000 	C:\Windows\System32\twinapi.appcore.dll

dbghelp: loaded successfully - version: 4.0.5 - missing functions: none
symbol engine: initialized successfully - sym options: 0x614 - pdb path: .;C:\Program Files\Java\jdk-21\bin;C:\WINDOWS\SYSTEM32;C:\WINDOWS\WinSxS\amd64_microsoft.windows.common-controls_6595b64144ccf1df_6.0.19041.1110_none_60b5254171f9507e;C:\Program Files\Java\jdk-21\bin\server

VM Arguments:
jvm_args: -Dfile.encoding=UTF-8 -Dstdout.encoding=UTF-8 -Dstderr.encoding=UTF-8 --module-path=C:\Users\Admin\git\repository\ChickenInvadersClone\bin -XX:+ShowCodeDetailsInExceptionMessages -Djdk.module.main=ChickenInvaders 
java_command: ChickenInvaders/application.Main
java_class_path (initial): <not set>
Launcher Type: SUN_STANDARD

[Global flags]
     intx CICompilerCount                          = 3                                         {product} {ergonomic}
     uint ConcGCThreads                            = 1                                         {product} {ergonomic}
     uint G1ConcRefinementThreads                  = 4                                         {product} {ergonomic}
   size_t G1HeapRegionSize                         = 1048576                                   {product} {ergonomic}
    uintx GCDrainStackTargetSize                   = 64                                        {product} {ergonomic}
   size_t InitialHeapSize                          = 65011712                                  {product} {ergonomic}
   size_t MarkStackSize                            = 4194304                                   {product} {ergonomic}
   size_t MaxHeapSize                              = 1035993088                                {product} {ergonomic}
   size_t MaxNewSize                               = 620756992                                 {product} {ergonomic}
   size_t MinHeapDeltaBytes                        = 1048576                                   {product} {ergonomic}
   size_t MinHeapSize                              = 8388608                                   {product} {ergonomic}
    uintx NonNMethodCodeHeapSize                   = 5832780                                {pd product} {ergonomic}
    uintx NonProfiledCodeHeapSize                  = 122912730                              {pd product} {ergonomic}
    uintx ProfiledCodeHeapSize                     = 122912730                              {pd product} {ergonomic}
    uintx ReservedCodeCacheSize                    = 251658240                              {pd product} {ergonomic}
     bool SegmentedCodeCache                       = true                                      {product} {ergonomic}
     bool ShowCodeDetailsInExceptionMessages       = true                                   {manageable} {command line}
   size_t SoftMaxHeapSize                          = 1035993088                             {manageable} {ergonomic}
     bool UseCompressedOops                        = true                           {product lp64_product} {ergonomic}
     bool UseG1GC                                  = true                                      {product} {ergonomic}
     bool UseLargePagesIndividualAllocation        = false                                  {pd product} {ergonomic}

Logging:
Log output configuration:
 #0: stdout all=warning uptime,level,tags foldmultilines=false
 #1: stderr all=off uptime,level,tags foldmultilines=false

Environment Variables:
PATH=C:/Program Files/Java/jdk-21/bin/server;C:/Program Files/Java/jdk-21/bin;C:\Program Files\Common Files\Oracle\Java\javapath;C:\Program Files\Eclipse Adoptium\jdk-21.0.6.7-hotspot\bin;C:\Program Files (x86)\VMware\VMware Workstation\bin\;C:\ProgramData\Oracle\Java\javapath;C:\WINDOWS\system32;C:\WINDOWS;C:\WINDOWS\System32\Wbem;C:\WINDOWS\System32\WindowsPowerShell\v1.0\;C:\WINDOWS\System32\OpenSSH\;C:\Program Files\dotnet\;C:\msys64\ucrt64\bin;E:\Git\cmd;C:\Program Files (x86)\Microsoft SQL Server\160\Tools\Binn\;C:\Program Files\Microsoft SQL Server\160\Tools\Binn\;C:\Program Files\Microsoft SQL Server\Client SDK\ODBC\170\Tools\Binn\;C:\Program Files\Microsoft SQL Server\160\DTS\Binn\;C:\Program Files (x86)\Microsoft SQL Server\160\DTS\Binn\;C:\Users\Admin\AppData\Local\Programs\Python\Python312\Scripts\;C:\Users\Admin\AppData\Local\Programs\Python\Python312\;C:\msys64\ucrt64\bin;E:\Microsoft VS Code\bin;E:\JetBrains\IntelliJ IDEA 2024.3.1.1\bin;;E:\JetBrains\IntelliJ IDEA Community Edition 2024.3.1.1\bin;;C:\WINDOWS\System32;
USERNAME=Admin
OS=Windows_NT
PROCESSOR_IDENTIFIER=Intel64 Family 6 Model 142 Stepping 12, GenuineIntel
TMP=C:\Users\Admin\AppData\Local\Temp
TEMP=C:\Users\Admin\AppData\Local\Temp




Periodic native trim disabled

---------------  S Y S T E M  ---------------

OS:
 Windows 10 , 64 bit Build 19041 (10.0.19041.2913)
OS uptime: 1 days 3:11 hours

CPU: total 4 (initial active 4) (2 cores per cpu, 2 threads per core) family 6 model 142 stepping 12 microcode 0xb8, cx8, cmov, fxsr, ht, mmx, 3dnowpref, sse, sse2, sse3, ssse3, sse4.1, sse4.2, popcnt, lzcnt, tsc, tscinvbit, avx, avx2, aes, erms, clmul, bmi1, bmi2, adx, fma, vzeroupper, clflush, clflushopt, rdtscp, f16c
Processor Information for all 4 processors :
  Max Mhz: 2304, Current Mhz: 2103, Mhz Limit: 2096

Memory: 4k page, system-wide physical 3948M (294M free)
TotalPageFile size 18485M (AvailPageFile size 83M)
current process WorkingSet (physical memory assigned to process): 326M, peak: 333M
current process commit charge ("private bytes"): 373M, peak: 459M

vm_info: Java HotSpot(TM) 64-Bit Server VM (21.0.6+8-LTS-188) for windows-amd64 JRE (21.0.6+8-LTS-188), built on 2024-12-03T10:50:54Z by "mach5one" with MS VC++ 17.6 (VS2022)

END.
